#
# A fatal error has been detected by the Java Runtime Environment:
#
#  SIGSEGV (0xb) at pc=0xb6dea41e, pid=7376, tid=3024586448
#
# JRE version: 6.0_22-b22
# Java VM: OpenJDK Client VM (20.0-b11 mixed mode, sharing linux-x86 )
# Derivative: IcedTea6 1.10.2
# Distribution: Ubuntu 11.04, package 6b22-1.10.2-0ubuntu1~11.04.1
# Problematic frame:
# C  [libsfxli.so+0x29d41e]  SfxShell::ApplyItemSet(unsigned short, SfxItemSet const&)+0x1380a
#
# If you would like to submit a bug report, please include
# instructions how to reproduce the bug and visit:
#   https://bugs.launchpad.net/ubuntu/+source/openjdk-6/
#

---------------  T H R E A D  ---------------

Current thread is native thread

siginfo:si_signo=SIGSEGV: si_errno=0, si_code=1 (SEGV_MAPERR), si_addr=0x00000000

Registers:
EAX=0x0a26514c, EBX=0xb6f4bff4, ECX=0xb6f521f0, EDX=0x00000000
ESP=0xbffe99f0, EBP=0xbffe9a48, ESI=0xbffe9aac, EDI=0xbffe9a24
EIP=0xb6dea41e, EFLAGS=0x00210202, CR2=0x00000000

Top of Stack: (sp=0xbffe99f0)
0xbffe99f0:   bffe9a24 0a26514c b6f521f0 b616078d
0xbffe9a00:   b70041a9 b6e8e700 00000000 00000011
0xbffe9a10:   08d58e78 08a4bde0 bffe9a01 0a74df30
0xbffe9a20:   00000001 b7793ff4 bffe9a48 b7605327
0xbffe9a30:   08a72110 bffe9b34 b6f521f0 b6f4bff4
0xbffe9a40:   bffe9aac bffe9a68 bffe9a88 b6de9041
0xbffe9a50:   08a4bde0 00000011 00000000 bffe9a68
0xbffe9a60:   bffe9a64 0aa1de40 08d58eb8 08a72110 

Instructions: (pc=0xb6dea41e)
0xb6dea3fe:   0f 84 bc 00 00 00 85 c0 74 d8 8b 10 8d 7d dc 8d
0xb6dea40e:   8b fc 61 00 00 89 4c 24 08 89 44 24 04 89 3c 24
0xb6dea41e:   ff 12 8b 45 dc 83 ec 04 83 78 08 16 75 7c 8b 75
0xb6dea42e:   e4 8d 83 ac 2f c9 ff c7 45 e4 00 00 00 00 89 44 

Register to memory mapping:

EAX=0x0a26514c is an unknown value
EBX=0xb6f4bff4: <offset 0x3feff4> in /usr/lib/libreoffice/program/../basis-link/program/libsfxli.so at 0xb6b4d000
ECX=0xb6f521f0: <offset 0x4051f0> in /usr/lib/libreoffice/program/../basis-link/program/libsfxli.so at 0xb6b4d000
EDX=0x00000000 is an unknown value
ESP=0xbffe99f0 is an unknown value
EBP=0xbffe9a48 is an unknown value
ESI=0xbffe9aac is an unknown value
EDI=0xbffe9a24 is an unknown value


Stack: [0xbff9c000,0xbffec000],  sp=0xbffe99f0,  free space=310k
Native frames: (J=compiled Java code, j=interpreted, Vv=VM code, C=native code)
C  [libsfxli.so+0x29d41e]  SfxShell::ApplyItemSet(unsigned short, SfxItemSet const&)+0x1380a
C  [libsfxli.so+0x29c041]  SfxShell::ApplyItemSet(unsigned short, SfxItemSet const&)+0x1242d
C  [libsfxli.so+0x29c224]  SfxShell::ApplyItemSet(unsigned short, SfxItemSet const&)+0x12610
C  [libsfxli.so+0x1d3cf4]  non-virtual thunk to SfxBaseModel::attachResource(rtl::OUString const&, com::sun::star::uno::Sequence<com::sun::star::beans::PropertyValue> const&)+0x1a4
C  [libsfxli.so+0x1d8565]  SfxBaseModel::Notify(SfxBroadcaster&, SfxHint const&)+0x115
C  [libsvlli.so+0xc3218]  SfxBroadcaster::Broadcast(SfxHint const&)+0x38
C  [libsfxli.so+0x154fe5]  SfxObjectShell::HasModalViews() const+0x1b5
C  [libsfxli.so+0x23e648]  SfxFrame::Resize()+0x8f8
C  [libvclli.so+0x2a9211]  Window::Notify(NotifyEvent&)+0xd1
C  [libvclli.so+0x2a9211]  Window::Notify(NotifyEvent&)+0xd1
C  [libvclli.so+0x2a9211]  Window::Notify(NotifyEvent&)+0xd1
C  [libvclli.so+0x225dcf]  Dialog::EndDialog(long)+0x12f
C  [libvclli.so+0x2bff58]  CancelButton::Click()+0x98
C  [libvclli.so+0x2c6285]  PushButton::Tracking(TrackingEvent const&)+0xb5
C  [libvclli.so+0x2bbb18]  Window::EndTracking(unsigned short)+0xf8
C  [libvclli.so+0x2b76b2]  vcl::LazyDeletor<Window>::~LazyDeletor()+0x2912
C  [libvclli.so+0x2b886d]  vcl::LazyDeletor<Window>::~LazyDeletor()+0x3acd
C  [libvclplug_gtkli.so+0x3b939]  atk_object_wrapper_dispose+0x12cc9
C  [libgtk-x11-2.0.so.0+0x135a04]  gtk_marshal_VOID__UINT_STRING+0x154
C  [libgobject-2.0.so.0+0xc372]  g_closure_invoke+0x192
C  [libgobject-2.0.so.0+0x1f048]  g_signal_handler_disconnect+0x1848
C  [libgobject-2.0.so.0+0x278d7]  g_signal_emit_valist+0x557
C  [libgobject-2.0.so.0+0x27cc2]  g_signal_emit+0x32
C  [libgtk-x11-2.0.so.0+0x26a836]  gtk_widget_get_realized+0x276
C  [libgtk-x11-2.0.so.0+0x133b8d]  gtk_propagate_event+0xcd
C  [libgtk-x11-2.0.so.0+0x133eef]  gtk_main_do_event+0x27f
C  [libgdk-x11-2.0.so.0+0x56a0a]  gdk_x11_register_standard_event_type+0x22a
C  [libglib-2.0.so.0+0x40aa8]  g_main_context_dispatch+0x1c8
C  [libglib-2.0.so.0+0x41270]  g_main_context_dispatch+0x990
C  [libglib-2.0.so.0+0x41524]  g_main_context_iteration+0x64
C  [libvclplug_gtkli.so+0x10fef]  _init+0x2a03
C  [libvclplug_genli.so+0xa1157]  X11SalInstance::Yield(bool, bool)+0x37
C  [libvclli.so+0xa28b0]  Application::Yield(bool)+0x50
C  [libvclli.so+0x2262f8]  Dialog::Execute()+0x78
C  [libsfxli.so+0x310ff1]  SfxTabDialog::Execute()+0x41
C  [libswuili.so+0x4ea37]  CreateDialogFactory+0x8f7
C  [libswli.so+0x82c28f]  SwRedlineAcceptDlg::LinkStubAcceptHdl(void*, void*)+0x2ff7f
C  [libsfxli.so+0x27a320]  SfxDispatcher::GetModule() const+0x3c8
C  [libsfxli.so+0x2735be]  SfxDispatcher::IsAppDispatcher() const+0x330
C  [libsfxli.so+0x27651c]  SfxDispatcher::Execute(unsigned short, unsigned short, SfxPoolItem const*, ...)+0x2ce
C  [libsfxli.so+0x276402]  SfxDispatcher::Execute(unsigned short, unsigned short, SfxPoolItem const*, ...)+0x1b4
C  [libsfxli.so+0x29d773]  SfxShell::ApplyItemSet(unsigned short, SfxItemSet const&)+0x13b5f
C  [libsfxli.so+0x29d719]  SfxShell::ApplyItemSet(unsigned short, SfxItemSet const&)+0x13b05
C  [libvclli.so+0x2b96e0]  vcl::LazyDeletor<Window>::~LazyDeletor()+0x4940
C  [libvclplug_genli.so+0x9a4f2]  SalDisplay::DispatchInternalEvent()+0xa2
C  [libvclplug_gtkli.so+0x13af1]  _init+0x5505
C  [libglib-2.0.so.0+0x3c311]  g_list_sort_with_data+0xa1
C  [libglib-2.0.so.0+0x40aa8]  g_main_context_dispatch+0x1c8
C  [libglib-2.0.so.0+0x41270]  g_main_context_dispatch+0x990
C  [libglib-2.0.so.0+0x41524]  g_main_context_iteration+0x64
C  [libvclplug_gtkli.so+0x11010]  _init+0x2a24
C  [libvclplug_genli.so+0xa1157]  X11SalInstance::Yield(bool, bool)+0x37
C  [libvclli.so+0xa28b0]  Application::Yield(bool)+0x50
C  [libvclli.so+0xa297c]  Application::Execute()+0x3c
C  [libsofficeapp.so+0x212ad]  uno_any_destruct+0x212ad
C  [libvclli.so+0xa99b2]  DeInitVCL()+0xbe2
C  [libvclli.so+0xa9a55]  SVMain()+0x35
C  [libsofficeapp.so+0x4ad6f]  soffice_main+0xaf
C  [soffice.bin+0xbc1]  main+0x21
C  [libc.so.6+0x16e37]  __libc_start_main+0xe7


---------------  P R O C E S S  ---------------

VM state:not at safepoint (normal execution)

VM Mutex/Monitor currently owned by a thread: None

Heap
 def new generation   total 4928K, used 2905K [0x6f950000, 0x6fea0000, 0x7a3f0000)
  eden space 4416K,  65% used [0x6f950000, 0x6fc26660, 0x6fda0000)
  from space 512K,   0% used [0x6fda0000, 0x6fda0000, 0x6fe20000)
  to   space 512K,   0% used [0x6fe20000, 0x6fe20000, 0x6fea0000)
 tenured generation   total 10944K, used 0K [0x7a3f0000, 0x7aea0000, 0x8f950000)
   the space 10944K,   0% used [0x7a3f0000, 0x7a3f0000, 0x7a3f0200, 0x7aea0000)
 compacting perm gen  total 12288K, used 341K [0x8f950000, 0x90550000, 0x93950000)
   the space 12288K,   2% used [0x8f950000, 0x8f9a5638, 0x8f9a5800, 0x90550000)
    ro space 10240K,  73% used [0x93950000, 0x940afa00, 0x940afa00, 0x94350000)
    rw space 12288K,  60% used [0x94350000, 0x94a99700, 0x94a99800, 0x94f50000)

Code Cache  [0xa4e1e000, 0xa4ea6000, 0xa6e1e000)
 total_blobs=175 nmethods=48 adapters=63 free_code_cache=33018496 largest_free_block=64

Dynamic libraries:
08048000-0804a000 r-xp 00000000 08:05 7082212    /usr/lib/libreoffice/program/soffice.bin
0804a000-0804b000 r--p 00001000 08:05 7082212    /usr/lib/libreoffice/program/soffice.bin
0804b000-0804c000 rw-p 00002000 08:05 7082212    /usr/lib/libreoffice/program/soffice.bin
0822e000-0aac0000 rw-p 00000000 00:00 0          [heap]
6f950000-6fea0000 rw-p 00000000 00:00 0 
6fea0000-7a3f0000 rw-p 00000000 00:00 0 
7a3f0000-7aea0000 rw-p 00000000 00:00 0 
7aea0000-8f950000 rw-p 00000000 00:00 0 
8f950000-90550000 rw-p 00000000 00:00 0 
90550000-93950000 rw-p 00000000 00:00 0 
93950000-940b0000 r--s 00001000 08:05 8790822    /usr/lib/jvm/java-6-openjdk/jre/lib/i386/client/classes.jsa
940b0000-94350000 rw-p 00000000 00:00 0 
94350000-94a9a000 rw-p 00761000 08:05 8790822    /usr/lib/jvm/java-6-openjdk/jre/lib/i386/client/classes.jsa
94a9a000-94f50000 rw-p 00000000 00:00 0 
94f50000-9504c000 rw-p 00eab000 08:05 8790822    /usr/lib/jvm/java-6-openjdk/jre/lib/i386/client/classes.jsa
9504c000-95350000 rw-p 00000000 00:00 0 
95350000-95358000 r-xs 00fa7000 08:05 8790822    /usr/lib/jvm/java-6-openjdk/jre/lib/i386/client/classes.jsa
95358000-95750000 rw-p 00000000 00:00 0 
a4a37000-a4b69000 r-xp 00000000 08:05 3407910    /lib/libcrypto.so.0.9.8
a4b69000-a4b71000 r--p 00131000 08:05 3407910    /lib/libcrypto.so.0.9.8
a4b71000-a4b80000 rw-p 00139000 08:05 3407910    /lib/libcrypto.so.0.9.8
a4b80000-a4b83000 rw-p 00000000 00:00 0 
a4b83000-a4dbb000 r-xp 00000000 08:05 7082227    /usr/lib/libpython2.7.so.1.0
a4dbb000-a4dbc000 ---p 00238000 08:05 7082227    /usr/lib/libpython2.7.so.1.0
a4dbc000-a4dbd000 r--p 00238000 08:05 7082227    /usr/lib/libpython2.7.so.1.0
a4dbd000-a4e12000 rw-p 00239000 08:05 7082227    /usr/lib/libpython2.7.so.1.0
a4e12000-a4e1e000 rw-p 00000000 00:00 0 
a4e1e000-a4ea6000 rwxp 00000000 00:00 0 
a4ea6000-a6e1e000 rw-p 00000000 00:00 0 
a6e1e000-a7258000 r-xp 00000000 08:05 8790195    /usr/lib/jvm/java-6-openjdk/jre/lib/i386/client/libjvm.so
a7258000-a726f000 r--p 0043a000 08:05 8790195    /usr/lib/jvm/java-6-openjdk/jre/lib/i386/client/libjvm.so
a726f000-a727c000 rw-p 00451000 08:05 8790195    /usr/lib/jvm/java-6-openjdk/jre/lib/i386/client/libjvm.so
a727c000-a7694000 rw-p 00000000 00:00 0 
a7694000-a7695000 ---p 00000000 00:00 0 
a7695000-a7e95000 rw-p 00000000 00:00 0 
a7e95000-a81bb000 r-xp 00000000 08:05 7092709    /usr/lib/libreoffice/basis3.3/program/libcuili.so
a81bb000-a81d6000 r--p 00325000 08:05 7092709    /usr/lib/libreoffice/basis3.3/program/libcuili.so
a81d6000-a81da000 rw-p 00340000 08:05 7092709    /usr/lib/libreoffice/basis3.3/program/libcuili.so
a81da000-a81db000 ---p 00000000 00:00 0 
a81db000-a89db000 rw-p 00000000 00:00 0 
a89db000-a90f0000 r--p 00000000 08:05 8002872    /usr/share/icons/hicolor/icon-theme.cache
a90f0000-a9100000 rw-p 00000000 00:00 0 
a9100000-a91f9000 rw-p 00000000 00:00 0 
a91f9000-a9200000 ---p 00000000 00:00 0 
a9206000-a9216000 rw-p 00000000 00:00 0 
a9300000-a9329000 rw-p 00000000 00:00 0 
a9329000-a9400000 ---p 00000000 00:00 0 
a9428000-a94b0000 r--s 00000000 08:05 8130732    /usr/share/fonts/truetype/ttf-dejavu/DejaVuSansCondensed.ttf
a94b0000-a94fa000 r--s 00000000 08:05 8127444    /usr/share/fonts/truetype/freefont/FreeSansOblique.ttf
a953c000-a9580000 r-xp 00000000 08:05 3407966    /lib/libssl.so.0.9.8
a9580000-a9581000 r--p 00044000 08:05 3407966    /lib/libssl.so.0.9.8
a9581000-a9584000 rw-p 00045000 08:05 3407966    /lib/libssl.so.0.9.8
a9584000-a9585000 ---p 00000000 00:00 0 
a9585000-a9605000 rw-p 00000000 00:00 0 
a9605000-a9608000 ---p 00000000 00:00 0 
a9608000-a9656000 rw-p 00000000 00:00 0 
a9656000-a9673000 r--s 00000000 08:05 1966155    /usr/share/fonts/truetype/msttcorefonts/Arial_Black.ttf
a9673000-a9676000 ---p 00000000 00:00 0 
a9676000-a96f4000 rw-p 00000000 00:00 0 
a96f4000-a9884000 r--s 037af000 08:05 8790220    /usr/lib/jvm/java-6-openjdk/jre/lib/rt.jar
a9884000-a98af000 r--s 00000000 08:05 8127442    /usr/share/fonts/truetype/freefont/FreeSansBold.ttf
a98af000-a98cf000 rw-p 00000000 00:00 0 
a98cf000-a98d6000 r--s 00000000 08:05 530252     /usr/share/fonts/truetype/ttf-emergya-fonts/FuturaStd-Light.ttf
a98d6000-a98f6000 rw-p 00000000 00:00 0 
a98f6000-a9967000 r--s 00000000 08:05 8127441    /usr/share/fonts/truetype/freefont/FreeSans.ttf
a9973000-a999f000 r-xp 00000000 08:05 7083525    /usr/lib/libreoffice/basis3.3/program/libpyuno.so
a999f000-a99a0000 r--p 0002b000 08:05 7083525    /usr/lib/libreoffice/basis3.3/program/libpyuno.so
a99a0000-a99a1000 rw-p 0002c000 08:05 7083525    /usr/lib/libreoffice/basis3.3/program/libpyuno.so
a99a1000-a99a4000 ---p 00000000 00:00 0 
a99a4000-a99f2000 rw-p 00000000 00:00 0 
a99f2000-a99f5000 ---p 00000000 00:00 0 
a99f5000-a9a43000 rw-p 00000000 00:00 0 
a9a43000-a9a46000 ---p 00000000 00:00 0 
a9a46000-a9a94000 rw-p 00000000 00:00 0 
a9a94000-a9ac8000 r-xp 00000000 08:05 7092724    /usr/lib/libreoffice/basis3.3/program/libpdffilterli.so
a9ac8000-a9aca000 r--p 00033000 08:05 7092724    /usr/lib/libreoffice/basis3.3/program/libpdffilterli.so
a9aca000-a9acb000 rw-p 00035000 08:05 7092724    /usr/lib/libreoffice/basis3.3/program/libpdffilterli.so
a9acb000-a9aec000 r-xp 00000000 08:05 7082088    /usr/lib/libneon-gnutls.so.27.2.5
a9aec000-a9aed000 r--p 00020000 08:05 7082088    /usr/lib/libneon-gnutls.so.27.2.5
a9aed000-a9aee000 rw-p 00021000 08:05 7082088    /usr/lib/libneon-gnutls.so.27.2.5
a9b02000-a9b59000 r-xp 00000000 08:05 7092787    /usr/lib/libreoffice/basis3.3/program/libucpdav1.so
a9b59000-a9b5a000 r--p 00056000 08:05 7092787    /usr/lib/libreoffice/basis3.3/program/libucpdav1.so
a9b5a000-a9b5b000 rw-p 00057000 08:05 7092787    /usr/lib/libreoffice/basis3.3/program/libucpdav1.so
a9b5b000-a9b9e000 r-xp 00000000 08:05 7092698    /usr/lib/libreoffice/basis3.3/program/libxofli.so
a9b9e000-a9b9f000 ---p 00043000 08:05 7092698    /usr/lib/libreoffice/basis3.3/program/libxofli.so
a9b9f000-a9ba1000 r--p 00043000 08:05 7092698    /usr/lib/libreoffice/basis3.3/program/libxofli.so
a9ba1000-a9bac000 rw-p 00045000 08:05 7092698    /usr/lib/libreoffice/basis3.3/program/libxofli.so
a9bac000-a9bc5000 r--s 00000000 08:05 8127623    /usr/share/fonts/type1/gsfonts/n021003l.pfb
a9bc5000-a9c18000 r--p 00000000 08:05 8127546    /usr/share/fonts/truetype/ubuntu-font-family/Ubuntu-B.ttf
a9c18000-a9c78000 rw-s 00000000 00:04 6946859    /SYSV00000000 (deleted)
a9c78000-a9ca9000 r-xp 00000000 08:05 7081658    /usr/lib/libcroco-0.6.so.3.0.1
a9ca9000-a9caa000 r--p 00030000 08:05 7081658    /usr/lib/libcroco-0.6.so.3.0.1
a9caa000-a9cac000 rw-p 00031000 08:05 7081658    /usr/lib/libcroco-0.6.so.3.0.1
a9cac000-a9cdb000 r-xp 00000000 08:05 7083129    /usr/lib/librsvg-2.so.2.32.1
a9cdb000-a9cdc000 r--p 0002e000 08:05 7083129    /usr/lib/librsvg-2.so.2.32.1
a9cdc000-a9cdd000 rw-p 0002f000 08:05 7083129    /usr/lib/librsvg-2.so.2.32.1
a9cdd000-a9cde000 r-xs 00000000 08:06 8261131    /home/fontanon/.execooo8s73DT (deleted)
a9cde000-a9cdf000 rw-s 00000000 08:06 8261131    /home/fontanon/.execooo8s73DT (deleted)
a9cdf000-a9ce0000 r-xs 00000000 08:06 8261126    /home/fontanon/.execoooKd6AUb (deleted)
a9ce0000-a9ce1000 rw-s 00000000 08:06 8261126    /home/fontanon/.execoooKd6AUb (deleted)
a9ce1000-a9ce2000 r-xs 00000000 08:06 8261103    /home/fontanon/.execooouWMabu (deleted)
a9ce2000-a9ce3000 rw-s 00000000 08:06 8261103    /home/fontanon/.execooouWMabu (deleted)
a9ce3000-a9ce4000 r-xs 00000000 08:06 8261096    /home/fontanon/.execoooSMENrM (deleted)
a9ce4000-a9ce8000 r--p 00000000 08:05 8656093    /usr/share/locale-langpack/es/LC_MESSAGES/neon.mo
a9ce8000-a9cec000 r-xp 00000000 08:05 7083605    /usr/lib/gdk-pixbuf-2.0/2.10.0/loaders/libpixbufloader-png.so
a9cec000-a9ced000 r--p 00003000 08:05 7083605    /usr/lib/gdk-pixbuf-2.0/2.10.0/loaders/libpixbufloader-png.so
a9ced000-a9cee000 rw-p 00004000 08:05 7083605    /usr/lib/gdk-pixbuf-2.0/2.10.0/loaders/libpixbufloader-png.so
a9cee000-a9cf1000 r--p 00000000 08:05 8654744    /usr/share/locale-langpack/es/LC_MESSAGES/atk10.mo
a9cf1000-a9ddb000 r--p 00000000 08:05 7999681    /usr/share/icons/Humanity/icon-theme.cache
a9ddb000-a9de6000 r--p 00000000 08:05 8002708    /usr/share/icons/Humanity-Dark/icon-theme.cache
a9de6000-a9df2000 r--p 00000000 08:05 8002804    /usr/share/icons/ubuntu-mono-dark/icon-theme.cache
a9df2000-a9e03000 r-xp 00000000 08:05 7084245    /usr/lib/gio/modules/libgioremote-volume-monitor.so
a9e03000-a9e04000 r--p 00010000 08:05 7084245    /usr/lib/gio/modules/libgioremote-volume-monitor.so
a9e04000-a9e05000 rw-p 00011000 08:05 7084245    /usr/lib/gio/modules/libgioremote-volume-monitor.so
a9e05000-a9e20000 r-xp 00000000 08:05 7083488    /usr/lib/libreoffice/basis3.3/program/fps_gnome.uno.so
a9e20000-a9e21000 r--p 0001b000 08:05 7083488    /usr/lib/libreoffice/basis3.3/program/fps_gnome.uno.so
a9e21000-a9e22000 rw-p 0001c000 08:05 7083488    /usr/lib/libreoffice/basis3.3/program/fps_gnome.uno.so
a9e22000-a9e90000 r-xp 00000000 08:05 7092771    /usr/lib/libreoffice/basis3.3/program/libfwlli.so
a9e90000-a9e94000 r--p 0006d000 08:05 7092771    /usr/lib/libreoffice/basis3.3/program/libfwlli.so
a9e94000-a9e95000 rw-p 00071000 08:05 7092771    /usr/lib/libreoffice/basis3.3/program/libfwlli.so
a9e95000-a9f1b000 r--s 00000000 08:05 8129623    /usr/share/fonts/truetype/ttf-dejavu/DejaVuSansCondensed-Bold.ttf
a9f1b000-a9f2b000 rw-p 00000000 00:00 0 
a9f2b000-a9ff2000 r-xp 00000000 08:05 7092691    /usr/lib/libreoffice/basis3.3/program/liblocaledata_euro.so
a9ff2000-a9ff3000 r--p 000c6000 08:05 7092691    /usr/lib/libreoffice/basis3.3/program/liblocaledata_euro.so
a9ff3000-aa018000 rw-p 000c7000 08:05 7092691    /usr/lib/libreoffice/basis3.3/program/liblocaledata_euro.so
aa018000-aa041000 r-xp 00000000 08:05 7092677    /usr/lib/libreoffice/basis3.3/program/libucppkg1.so
aa041000-aa042000 ---p 00029000 08:05 7092677    /usr/lib/libreoffice/basis3.3/program/libucppkg1.so
aa042000-aa043000 r--p 00029000 08:05 7092677    /usr/lib/libreoffice/basis3.3/program/libucppkg1.so
aa043000-aa044000 rw-p 0002a000 08:05 7092677    /usr/lib/libreoffice/basis3.3/program/libucppkg1.so
aa044000-aa097000 r--s 00000000 08:05 8127546    /usr/share/fonts/truetype/ubuntu-font-family/Ubuntu-B.ttf
aa097000-aa5dc000 rw-p 00000000 00:00 0 
aa5dc000-aa60f000 r--s 00000000 08:05 1966187    /usr/share/fonts/truetype/msttcorefonts/Arial_Italic.ttf
aa60f000-aa61f000 rw-p 00000000 00:00 0 
aa61f000-aa66c000 r-xp 00000000 08:05 7092659    /usr/lib/libreoffice/basis3.3/program/libucpchelp1.so
aa66c000-aa66e000 r--p 0004c000 08:05 7092659    /usr/lib/libreoffice/basis3.3/program/libucpchelp1.so
aa66e000-aa66f000 rw-p 0004e000 08:05 7092659    /usr/lib/libreoffice/basis3.3/program/libucpchelp1.so
aa66f000-aa676000 r--s 00000000 08:05 8128770    /usr/share/fonts/truetype/ttf-symbol-replacement/symbol-replacement.ttf/symbol.ttf
aa676000-aa6a9000 r--s 00000000 08:05 8129408    /usr/share/fonts/truetype/openoffice/opens___.ttf
aa6a9000-aa6ad000 r-xp 00000000 08:05 7081978    /usr/lib/libhyphen.so.0.2.0
aa6ad000-aa6ae000 r--p 00003000 08:05 7081978    /usr/lib/libhyphen.so.0.2.0
aa6ae000-aa6af000 rw-p 00004000 08:05 7081978    /usr/lib/libhyphen.so.0.2.0
aa6af000-aa6b0000 rw-s 00000000 08:06 8261096    /home/fontanon/.execoooSMENrM (deleted)
aa6b0000-aa6b1000 r-xs 00000000 08:06 8261069    /home/fontanon/.execoooEG78J4 (deleted)
aa6b1000-aa6c0000 r-xp 00000000 08:05 7085123    /usr/lib/libreoffice/basis3.3/program/liblnthli.so
aa6c0000-aa6c1000 ---p 0000f000 08:05 7085123    /usr/lib/libreoffice/basis3.3/program/liblnthli.so
aa6c1000-aa6c2000 r--p 0000f000 08:05 7085123    /usr/lib/libreoffice/basis3.3/program/liblnthli.so
aa6c2000-aa6c3000 rw-p 00010000 08:05 7085123    /usr/lib/libreoffice/basis3.3/program/liblnthli.so
aa6c3000-aa714000 r-xp 00000000 08:05 7081976    /usr/lib/libhunspell-1.2.so.0.0.0
aa714000-aa715000 r--p 00050000 08:05 7081976    /usr/lib/libhunspell-1.2.so.0.0.0
aa715000-aa719000 rw-p 00051000 08:05 7081976    /usr/lib/libhunspell-1.2.so.0.0.0
aa719000-aa71c000 r-xp 00000000 08:05 7092685    /usr/lib/libreoffice/basis3.3/program/fpicker.uno.so
aa71c000-aa71d000 r--p 00002000 08:05 7092685    /usr/lib/libreoffice/basis3.3/program/fpicker.uno.so
aa71d000-aa71e000 rw-p 00003000 08:05 7092685    /usr/lib/libreoffice/basis3.3/program/fpicker.uno.so
aa71e000-aa72b000 r-xp 00000000 08:05 7092718    /usr/lib/libreoffice/basis3.3/program/libhyphenli.so
aa72b000-aa72c000 r--p 0000d000 08:05 7092718    /usr/lib/libreoffice/basis3.3/program/libhyphenli.so
aa72c000-aa72d000 rw-p 0000e000 08:05 7092718    /usr/lib/libreoffice/basis3.3/program/libhyphenli.so
aa72d000-aa73a000 r-xp 00000000 08:05 7092645    /usr/lib/libreoffice/basis3.3/program/libspellli.so
aa73a000-aa73b000 r--p 0000c000 08:05 7092645    /usr/lib/libreoffice/basis3.3/program/libspellli.so
aa73b000-aa73c000 rw-p 0000d000 08:05 7092645    /usr/lib/libreoffice/basis3.3/program/libspellli.so
aa73c000-aa744000 r-xp 00000000 08:05 7092629    /usr/lib/libreoffice/basis3.3/program/libmcnttype.so
aa744000-aa745000 r--p 00007000 08:05 7092629    /usr/lib/libreoffice/basis3.3/program/libmcnttype.so
aa745000-aa746000 rw-p 00008000 08:05 7092629    /usr/lib/libreoffice/basis3.3/program/libmcnttype.so
aa746000-aa756000 rw-p 00000000 00:00 0 
aa756000-aa7ce000 r--s 00000000 08:05 8130731    /usr/share/fonts/truetype/ttf-dejavu/DejaVuSansCondensed-Oblique.ttf
aa7ce000-aa814000 r--s 00000000 08:05 1966188    /usr/share/fonts/truetype/msttcorefonts/Arial_Bold.ttf
aa814000-aa832000 r-xp 00000000 08:05 7092654    /usr/lib/libreoffice/basis3.3/program/fsstorage.uno.so
aa832000-aa833000 ---p 0001e000 08:05 7092654    /usr/lib/libreoffice/basis3.3/program/fsstorage.uno.so
aa833000-aa834000 r--p 0001e000 08:05 7092654    /usr/lib/libreoffice/basis3.3/program/fsstorage.uno.so
aa834000-aa835000 rw-p 0001f000 08:05 7092654    /usr/lib/libreoffice/basis3.3/program/fsstorage.uno.so
aa835000-aa8a5000 rw-p 00000000 00:00 0 
aa8a5000-aa8bf000 r--s 00000000 08:05 7473698    /usr/share/mime/mime.cache
aa8bf000-aa90b000 r-xp 00000000 08:05 7092783    /usr/lib/libreoffice/basis3.3/program/libxmlsecurity.so
aa90b000-aa90e000 r--p 0004b000 08:05 7092783    /usr/lib/libreoffice/basis3.3/program/libxmlsecurity.so
aa90e000-aa90f000 rw-p 0004e000 08:05 7092783    /usr/lib/libreoffice/basis3.3/program/libxmlsecurity.so
aa90f000-aa94f000 rw-p 00000000 00:00 0 
aa94f000-aab81000 r-xp 00000000 08:05 7078583    /usr/lib/libreoffice/basis3.3/program/libdbali.so
aab81000-aab94000 r--p 00232000 08:05 7078583    /usr/lib/libreoffice/basis3.3/program/libdbali.so
aab94000-aab96000 rw-p 00245000 08:05 7078583    /usr/lib/libreoffice/basis3.3/program/libdbali.so
aab96000-aab98000 rw-p 00000000 00:00 0 
aab98000-aabb3000 r-xp 00000000 08:05 7478942    /usr/lib/ure/lib/introspection.uno.so
aabb3000-aabb4000 ---p 0001b000 08:05 7478942    /usr/lib/ure/lib/introspection.uno.so
aabb4000-aabb5000 r--p 0001b000 08:05 7478942    /usr/lib/ure/lib/introspection.uno.so
aabb5000-aabb6000 rw-p 0001c000 08:05 7478942    /usr/lib/ure/lib/introspection.uno.so
aabb6000-aad30000 r-xp 00000000 08:05 7092754    /usr/lib/libreoffice/basis3.3/program/libdbtoolsli.so
aad30000-aad39000 r--p 0017a000 08:05 7092754    /usr/lib/libreoffice/basis3.3/program/libdbtoolsli.so
aad39000-aad3a000 rw-p 00183000 08:05 7092754    /usr/lib/libreoffice/basis3.3/program/libdbtoolsli.so
aad3a000-aad3b000 rw-p 00000000 00:00 0 
aad3b000-aaf96000 r-xp 00000000 08:05 7092769    /usr/lib/libreoffice/basis3.3/program/libfrmli.so
aaf96000-aafb3000 r--p 0025b000 08:05 7092769    /usr/lib/libreoffice/basis3.3/program/libfrmli.so
aafb3000-aafb6000 rw-p 00278000 08:05 7092769    /usr/lib/libreoffice/basis3.3/program/libfrmli.so
aafb6000-aafb8000 rw-p 00000000 00:00 0 
aafb8000-aaffc000 r--s 00000000 08:05 1966190    /usr/share/fonts/truetype/msttcorefonts/Arial.ttf
aaffc000-ab036000 rw-p 00000000 00:00 0 
ab036000-ab087000 r--s 00000000 08:05 1966170    /usr/share/fonts/truetype/msttcorefonts/Times_New_Roman.ttf
ab087000-ab09c000 r-xp 00000000 08:05 7082250    /usr/lib/libsasl2.so.2.0.23
ab09c000-ab09d000 r--p 00015000 08:05 7082250    /usr/lib/libsasl2.so.2.0.23
ab09d000-ab09e000 rw-p 00016000 08:05 7082250    /usr/lib/libsasl2.so.2.0.23
ab09e000-ab0e0000 r-xp 00000000 08:05 7082045    /usr/lib/libldap_r-2.4.so.2.5.6
ab0e0000-ab0e1000 r--p 00041000 08:05 7082045    /usr/lib/libldap_r-2.4.so.2.5.6
ab0e1000-ab0e2000 rw-p 00042000 08:05 7082045    /usr/lib/libldap_r-2.4.so.2.5.6
ab0e2000-ab0e3000 rw-p 00000000 00:00 0 
ab0e3000-ab0ee000 r-xp 00000000 08:05 7082040    /usr/lib/liblber-2.4.so.2.5.6
ab0ee000-ab0ef000 r--p 0000a000 08:05 7082040    /usr/lib/liblber-2.4.so.2.5.6
ab0ef000-ab0f0000 rw-p 0000b000 08:05 7082040    /usr/lib/liblber-2.4.so.2.5.6
ab0f0000-ab120000 r-xp 00000000 08:05 7082005    /usr/lib/libidn.so.11.6.1
ab120000-ab121000 r--p 0002f000 08:05 7082005    /usr/lib/libidn.so.11.6.1
ab121000-ab122000 rw-p 00030000 08:05 7082005    /usr/lib/libidn.so.11.6.1
ab122000-ab16e000 r-xp 00000000 08:05 7088066    /usr/lib/libcurl-gnutls.so.4.2.0
ab16e000-ab16f000 r--p 0004c000 08:05 7088066    /usr/lib/libcurl-gnutls.so.4.2.0
ab16f000-ab170000 rw-p 0004d000 08:05 7088066    /usr/lib/libcurl-gnutls.so.4.2.0
ab170000-ab1cd000 r-xp 00000000 08:05 7081823    /usr/lib/libgmp.so.3.5.2
ab1cd000-ab1ce000 r--p 0005d000 08:05 7081823    /usr/lib/libgmp.so.3.5.2
ab1ce000-ab1cf000 rw-p 0005e000 08:05 7081823    /usr/lib/libgmp.so.3.5.2
ab1cf000-ab227000 r-xp 00000000 08:05 7082231    /usr/lib/libraptor.so.1.2.0
ab227000-ab229000 r--p 00057000 08:05 7082231    /usr/lib/libraptor.so.1.2.0
ab229000-ab22a000 rw-p 00059000 08:05 7082231    /usr/lib/libraptor.so.1.2.0
ab22a000-ab277000 r-xp 00000000 08:05 7082235    /usr/lib/librasqal.so.2.0.0
ab277000-ab278000 r--p 0004c000 08:05 7082235    /usr/lib/librasqal.so.2.0.0
ab278000-ab279000 rw-p 0004d000 08:05 7082235    /usr/lib/librasqal.so.2.0.0
ab279000-ab2b0000 r-xp 00000000 08:05 7082239    /usr/lib/librdf.so.0.0.0
ab2b0000-ab2b1000 ---p 00037000 08:05 7082239    /usr/lib/librdf.so.0.0.0
ab2b1000-ab2b2000 r--p 00037000 08:05 7082239    /usr/lib/librdf.so.0.0.0
ab2b2000-ab2b3000 rw-p 00038000 08:05 7082239    /usr/lib/librdf.so.0.0.0
ab2b3000-ab2dc000 r-xp 00000000 08:05 7092630    /usr/lib/libreoffice/basis3.3/program/libunordfli.so
ab2dc000-ab2de000 r--p 00028000 08:05 7092630    /usr/lib/libreoffice/basis3.3/program/libunordfli.so
ab2de000-ab2df000 rw-p 0002a000 08:05 7092630    /usr/lib/libreoffice/basis3.3/program/libunordfli.so
ab2df000-ab2e0000 ---p 00000000 00:00 0 
ab2e0000-abae0000 rw-p 00000000 00:00 0 
abae0000-abae2000 r-xp 00000000 08:05 3408741    /lib/i386-linux-gnu/libkeyutils.so.1.3
abae2000-abae3000 r--p 00001000 08:05 3408741    /lib/i386-linux-gnu/libkeyutils.so.1.3
abae3000-abae4000 rw-p 00002000 08:05 3408741    /lib/i386-linux-gnu/libkeyutils.so.1.3
abae4000-abaea000 r-xp 00000000 08:05 7084383    /usr/lib/i386-linux-gnu/libkrb5support.so.0.1
abaea000-abaeb000 r--p 00005000 08:05 7084383    /usr/lib/i386-linux-gnu/libkrb5support.so.0.1
abaeb000-abaec000 rw-p 00006000 08:05 7084383    /usr/lib/i386-linux-gnu/libkrb5support.so.0.1
abaec000-abb0d000 r-xp 00000000 08:05 7084379    /usr/lib/i386-linux-gnu/libk5crypto.so.3.1
abb0d000-abb0e000 ---p 00021000 08:05 7084379    /usr/lib/i386-linux-gnu/libk5crypto.so.3.1
abb0e000-abb0f000 r--p 00021000 08:05 7084379    /usr/lib/i386-linux-gnu/libk5crypto.so.3.1
abb0f000-abb10000 rw-p 00022000 08:05 7084379    /usr/lib/i386-linux-gnu/libk5crypto.so.3.1
abb10000-abbb8000 r-xp 00000000 08:05 7084381    /usr/lib/i386-linux-gnu/libkrb5.so.3.3
abbb8000-abbbd000 r--p 000a8000 08:05 7084381    /usr/lib/i386-linux-gnu/libkrb5.so.3.3
abbbd000-abbbe000 rw-p 000ad000 08:05 7084381    /usr/lib/i386-linux-gnu/libkrb5.so.3.3
abbbe000-abbec000 r-xp 00000000 08:05 7084368    /usr/lib/i386-linux-gnu/libgssapi_krb5.so.2.2
abbec000-abbed000 r--p 0002d000 08:05 7084368    /usr/lib/i386-linux-gnu/libgssapi_krb5.so.2.2
abbed000-abbee000 rw-p 0002e000 08:05 7084368    /usr/lib/i386-linux-gnu/libgssapi_krb5.so.2.2
abbee000-abc33000 r-xp 00000000 08:05 7082543    /usr/lib/libcups.so.2
abc33000-abc36000 r--p 00044000 08:05 7082543    /usr/lib/libcups.so.2
abc36000-abc37000 rw-p 00047000 08:05 7082543    /usr/lib/libcups.so.2
abc37000-abc38000 rw-p 00000000 00:00 0 
abc38000-abc39000 rw-s 00000000 08:06 8261069    /home/fontanon/.execoooEG78J4 (deleted)
abc39000-abc3a000 r-xs 00000000 08:06 8261020    /home/fontanon/.execooo2rrq4m (deleted)
abc3a000-abc3c000 r-xp 00000000 08:05 7082084    /usr/lib/libmythes-1.2.so.0.0.0
abc3c000-abc3d000 r--p 00001000 08:05 7082084    /usr/lib/libmythes-1.2.so.0.0.0
abc3d000-abc3e000 rw-p 00002000 08:05 7082084    /usr/lib/libmythes-1.2.so.0.0.0
abc3e000-abc49000 r-xp 00000000 08:05 7092775    /usr/lib/libreoffice/basis3.3/program/libevtatt.so
abc49000-abc4a000 ---p 0000b000 08:05 7092775    /usr/lib/libreoffice/basis3.3/program/libevtatt.so
abc4a000-abc4b000 r--p 0000b000 08:05 7092775    /usr/lib/libreoffice/basis3.3/program/libevtatt.so
abc4b000-abc4c000 rw-p 0000c000 08:05 7092775    /usr/lib/libreoffice/basis3.3/program/libevtatt.so
abc4c000-abc4d000 rw-s 00000000 08:06 8261020    /home/fontanon/.execooo2rrq4m (deleted)
abc4d000-abc4e000 r-xs 00000000 08:06 8261010    /home/fontanon/.execoooQetXpF (deleted)
abc4e000-abc5d000 r-xp 00000000 08:05 7345780    /usr/lib/python2.7/lib-dynload/parser.so
abc5d000-abc5e000 r--p 0000e000 08:05 7345780    /usr/lib/python2.7/lib-dynload/parser.so
abc5e000-abc5f000 rw-p 0000f000 08:05 7345780    /usr/lib/python2.7/lib-dynload/parser.so
abc5f000-abc60000 rw-s 00000000 08:06 8261010    /home/fontanon/.execoooQetXpF (deleted)
abc60000-abc61000 r-xs 00000000 08:06 8261002    /home/fontanon/.execooo8b0RLX (deleted)
abc61000-abc62000 r-xp 00000000 08:05 7083521    /usr/lib/libreoffice/basis3.3/program/pyuno.so
abc62000-abc63000 r--p 00000000 08:05 7083521    /usr/lib/libreoffice/basis3.3/program/pyuno.so
abc63000-abc64000 rw-p 00001000 08:05 7083521    /usr/lib/libreoffice/basis3.3/program/pyuno.so
abc64000-abc65000 rw-s 00000000 08:06 8261002    /home/fontanon/.execooo8b0RLX (deleted)
abc65000-abc74000 r-xp 00000000 08:05 7478939    /usr/lib/ure/lib/invocation.uno.so
abc74000-abc75000 r--p 0000f000 08:05 7478939    /usr/lib/ure/lib/invocation.uno.so
abc75000-abc76000 rw-p 00010000 08:05 7478939    /usr/lib/ure/lib/invocation.uno.so
abc76000-abc8c000 r-xp 00000000 08:05 7092797    /usr/lib/libreoffice/basis3.3/program/basprovli.uno.so
abc8c000-abc8d000 ---p 00016000 08:05 7092797    /usr/lib/libreoffice/basis3.3/program/basprovli.uno.so
abc8d000-abc8e000 r--p 00016000 08:05 7092797    /usr/lib/libreoffice/basis3.3/program/basprovli.uno.so
abc8e000-abc8f000 rw-p 00017000 08:05 7092797    /usr/lib/libreoffice/basis3.3/program/basprovli.uno.so
abc8f000-abc90000 ---p 00000000 00:00 0 
abc90000-abd16000 rw-p 00000000 00:00 0 
abd16000-abdbb000 rw-p 00000000 00:00 0 
abdbb000-abf95000 rw-p 00000000 00:00 0 
abf95000-abf9f000 r-xp 00000000 08:05 7478950    /usr/lib/ure/lib/invocadapt.uno.so
abf9f000-abfa0000 r--p 00009000 08:05 7478950    /usr/lib/ure/lib/invocadapt.uno.so
abfa0000-abfa1000 rw-p 0000a000 08:05 7478950    /usr/lib/ure/lib/invocadapt.uno.so
abfa1000-abfa5000 r-xp 00000000 08:05 7083518    /usr/lib/libreoffice/basis3.3/program/pythonloader.uno.so
abfa5000-abfa6000 r--p 00003000 08:05 7083518    /usr/lib/libreoffice/basis3.3/program/pythonloader.uno.so
abfa6000-abfa7000 rw-p 00004000 08:05 7083518    /usr/lib/libreoffice/basis3.3/program/pythonloader.uno.so
abfa7000-abfa8000 r-xs 00000000 08:06 8260488    /home/fontanon/.execoooSXxLig (deleted)
abfa8000-abfa9000 rw-s 00000000 08:06 8260488    /home/fontanon/.execoooSXxLig (deleted)
abfa9000-abfc7000 r-xp 00000000 08:05 7478967    /usr/lib/ure/lib/libjava_uno.so
abfc7000-abfc8000 r--p 0001d000 08:05 7478967    /usr/lib/ure/lib/libjava_uno.so
abfc8000-abfc9000 rw-p 0001e000 08:05 7478967    /usr/lib/ure/lib/libjava_uno.so
abfc9000-abfd4000 r--s 00034000 08:05 7473514    /usr/share/java/ridl.jar
abfd4000-abfe8000 rw-p 00000000 00:00 0 
abfe8000-ac002000 rw-p 00000000 00:00 0 
ac002000-ac005000 rw-p 00000000 00:00 0 
ac005000-ac057000 rw-p 00000000 00:00 0 
ac057000-ac05d000 rw-p 00000000 00:00 0 
ac05d000-ac102000 rw-p 00000000 00:00 0 
ac102000-ac108000 rw-p 00000000 00:00 0 
ac108000-ac122000 rw-p 00000000 00:00 0 
ac122000-ac131000 rw-p 00000000 00:00 0 
ac131000-ac1ae000 rw-p 00000000 00:00 0 
ac1ae000-ac1b4000 r-xp 00000000 08:05 8790184    /usr/lib/jvm/java-6-openjdk/jre/lib/i386/libzip.so
ac1b4000-ac1b5000 r--p 00005000 08:05 8790184    /usr/lib/jvm/java-6-openjdk/jre/lib/i386/libzip.so
ac1b5000-ac1b6000 rw-p 00006000 08:05 8790184    /usr/lib/jvm/java-6-openjdk/jre/lib/i386/libzip.so
ac1b6000-ac1be000 rw-s 00000000 08:05 1966229    /tmp/hsperfdata_fontanon/7376
ac1be000-ac1e1000 r-xp 00000000 08:05 8790179    /usr/lib/jvm/java-6-openjdk/jre/lib/i386/libjava.so
ac1e1000-ac1e2000 r--p 00022000 08:05 8790179    /usr/lib/jvm/java-6-openjdk/jre/lib/i386/libjava.so
ac1e2000-ac1e4000 rw-p 00023000 08:05 8790179    /usr/lib/jvm/java-6-openjdk/jre/lib/i386/libjava.so
ac1e4000-ac1ef000 r-xp 00000000 08:05 8790207    /usr/lib/jvm/java-6-openjdk/jre/lib/i386/libverify.so
ac1ef000-ac1f0000 ---p 0000b000 08:05 8790207    /usr/lib/jvm/java-6-openjdk/jre/lib/i386/libverify.so
ac1f0000-ac1f1000 r--p 0000b000 08:05 8790207    /usr/lib/jvm/java-6-openjdk/jre/lib/i386/libverify.so
ac1f1000-ac1f2000 rw-p 0000c000 08:05 8790207    /usr/lib/jvm/java-6-openjdk/jre/lib/i386/libverify.so
ac1f2000-ac1f3000 r-xs 00000000 08:06 8259714    /home/fontanon/.execooo6sATfz (deleted)
ac1f3000-ac1f4000 rw-s 00000000 08:06 8259714    /home/fontanon/.execooo6sATfz (deleted)
ac1f4000-ac1f7000 r--s 00018000 08:05 7473512    /usr/share/java/jurt.jar
ac1f7000-ac1f9000 r--s 00000000 08:05 7473516    /usr/share/java/java_uno.jar
ac1f9000-ac1fa000 r--s 00000000 08:05 7473517    /usr/share/java/unoloader.jar
ac1fa000-ac1fd000 r--s 0000f000 08:05 8787361    /usr/lib/jvm/java-6-openjdk/jre/lib/ext/pulse-java.jar
ac1fd000-ac205000 r--s 00066000 08:05 7473670    /usr/share/java/gnome-java-bridge.jar
ac205000-ac21f000 r-xp 00000000 08:05 7478952    /usr/lib/ure/lib/javavm.uno.so
ac21f000-ac220000 ---p 0001a000 08:05 7478952    /usr/lib/ure/lib/javavm.uno.so
ac220000-ac221000 r--p 0001a000 08:05 7478952    /usr/lib/ure/lib/javavm.uno.so
ac221000-ac222000 rw-p 0001b000 08:05 7478952    /usr/lib/ure/lib/javavm.uno.so
ac222000-ac229000 r-xp 00000000 08:05 7478948    /usr/lib/ure/lib/javaloader.uno.so
ac229000-ac22a000 r--p 00006000 08:05 7478948    /usr/lib/ure/lib/javaloader.uno.so
ac22a000-ac22b000 rw-p 00007000 08:05 7478948    /usr/lib/ure/lib/javaloader.uno.so
ac22b000-ac26c000 r-xp 00000000 08:05 7092708    /usr/lib/libreoffice/basis3.3/program/ucptdoc1.uno.so
ac26c000-ac26d000 ---p 00041000 08:05 7092708    /usr/lib/libreoffice/basis3.3/program/ucptdoc1.uno.so
ac26d000-ac26f000 r--p 00041000 08:05 7092708    /usr/lib/libreoffice/basis3.3/program/ucptdoc1.uno.so
ac26f000-ac270000 rw-p 00043000 08:05 7092708    /usr/lib/libreoffice/basis3.3/program/ucptdoc1.uno.so
ac270000-ac297000 r-xp 00000000 08:05 7092674    /usr/lib/libreoffice/basis3.3/program/libscriptframe.so
ac297000-ac299000 r--p 00026000 08:05 7092674    /usr/lib/libreoffice/basis3.3/program/libscriptframe.so
ac299000-ac29a000 rw-p 00028000 08:05 7092674    /usr/lib/libreoffice/basis3.3/program/libscriptframe.so
ac29a000-ac438000 r-xp 00000000 08:05 7093921    /usr/lib/libreoffice/basis3.3/program/libswuili.so
ac438000-ac439000 ---p 0019e000 08:05 7093921    /usr/lib/libreoffice/basis3.3/program/libswuili.so
ac439000-ac44a000 r--p 0019e000 08:05 7093921    /usr/lib/libreoffice/basis3.3/program/libswuili.so
ac44a000-ac44d000 rw-p 001af000 08:05 7093921    /usr/lib/libreoffice/basis3.3/program/libswuili.so
ac44d000-ac46b000 r-xp 00000000 08:05 7085119    /usr/lib/libreoffice/basis3.3/program/liblocaledata_en.so
ac46b000-ac46c000 r--p 0001d000 08:05 7085119    /usr/lib/libreoffice/basis3.3/program/liblocaledata_en.so
ac46c000-ac471000 rw-p 0001e000 08:05 7085119    /usr/lib/libreoffice/basis3.3/program/liblocaledata_en.so
ac471000-ac493000 r-xp 00000000 08:05 7092761    /usr/lib/libreoffice/basis3.3/program/liblocaledata_es.so
ac493000-ac494000 r--p 00021000 08:05 7092761    /usr/lib/libreoffice/basis3.3/program/liblocaledata_es.so
ac494000-ac499000 rw-p 00022000 08:05 7092761    /usr/lib/libreoffice/basis3.3/program/liblocaledata_es.so
ac499000-ac49b000 r-xp 00000000 08:05 3407939    /lib/libnss_mdns4.so.2
ac49b000-ac49c000 r--p 00001000 08:05 3407939    /lib/libnss_mdns4.so.2
ac49c000-ac49d000 rw-p 00002000 08:05 3407939    /lib/libnss_mdns4.so.2
ac49d000-ac49f000 r-xp 00000000 08:05 3408710    /lib/i386-linux-gnu/libcom_err.so.2.1
ac49f000-ac4a0000 r--p 00001000 08:05 3408710    /lib/i386-linux-gnu/libcom_err.so.2.1
ac4a0000-ac4a1000 rw-p 00002000 08:05 3408710    /lib/i386-linux-gnu/libcom_err.so.2.1
ac4a1000-ac4b1000 rw-p 00000000 00:00 0 
ac4b1000-ac4ce000 r-xp 00000000 08:05 7478974    /usr/lib/ure/lib/reflection.uno.so
ac4ce000-ac4d0000 r--p 0001c000 08:05 7478974    /usr/lib/ure/lib/reflection.uno.so
ac4d0000-ac4d1000 rw-p 0001e000 08:05 7478974    /usr/lib/ure/lib/reflection.uno.so
ac4d1000-ac52b000 r-xp 00000000 08:05 7092776    /usr/lib/libreoffice/basis3.3/program/libcppcanvasli.so
ac52b000-ac52e000 r--p 00059000 08:05 7092776    /usr/lib/libreoffice/basis3.3/program/libcppcanvasli.so
ac52e000-ac52f000 rw-p 0005c000 08:05 7092776    /usr/lib/libreoffice/basis3.3/program/libcppcanvasli.so
ac52f000-ac55e000 r-xp 00000000 08:05 7092722    /usr/lib/libreoffice/basis3.3/program/libcanvastoolsli.so
ac55e000-ac55f000 r--p 0002f000 08:05 7092722    /usr/lib/libreoffice/basis3.3/program/libcanvastoolsli.so
ac55f000-ac560000 rw-p 00030000 08:05 7092722    /usr/lib/libreoffice/basis3.3/program/libcanvastoolsli.so
ac560000-ac588000 r-xp 00000000 08:05 7092780    /usr/lib/libreoffice/basis3.3/program/libavmediali.so
ac588000-ac58a000 r--p 00027000 08:05 7092780    /usr/lib/libreoffice/basis3.3/program/libavmediali.so
ac58a000-ac58b000 rw-p 00029000 08:05 7092780    /usr/lib/libreoffice/basis3.3/program/libavmediali.so
ac58b000-ac693000 r-xp 00000000 08:05 7092720    /usr/lib/libreoffice/basis3.3/program/libdrawinglayerli.so
ac693000-ac694000 ---p 00108000 08:05 7092720    /usr/lib/libreoffice/basis3.3/program/libdrawinglayerli.so
ac694000-ac69a000 r--p 00108000 08:05 7092720    /usr/lib/libreoffice/basis3.3/program/libdrawinglayerli.so
ac69a000-ac69b000 rw-p 0010e000 08:05 7092720    /usr/lib/libreoffice/basis3.3/program/libdrawinglayerli.so
ac69b000-ac930000 r-xp 00000000 08:05 7092738    /usr/lib/libreoffice/basis3.3/program/libsvxli.so
ac930000-ac94b000 r--p 00295000 08:05 7092738    /usr/lib/libreoffice/basis3.3/program/libsvxli.so
ac94b000-ac94e000 rw-p 002b0000 08:05 7092738    /usr/lib/libreoffice/basis3.3/program/libsvxli.so
ac94e000-ac94f000 rw-p 00000000 00:00 0 
ac94f000-acb2a000 r-xp 00000000 08:05 7092749    /usr/lib/libreoffice/basis3.3/program/libeditengli.so
acb2a000-acb2b000 ---p 001db000 08:05 7092749    /usr/lib/libreoffice/basis3.3/program/libeditengli.so
acb2b000-acb35000 r--p 001db000 08:05 7092749    /usr/lib/libreoffice/basis3.3/program/libeditengli.so
acb35000-acb39000 rw-p 001e5000 08:05 7092749    /usr/lib/libreoffice/basis3.3/program/libeditengli.so
acb39000-acb3a000 rw-p 00000000 00:00 0 
acb3a000-ad1ed000 r-xp 00000000 08:05 7092669    /usr/lib/libreoffice/basis3.3/program/libsvxcoreli.so
ad1ed000-ad226000 r--p 006b3000 08:05 7092669    /usr/lib/libreoffice/basis3.3/program/libsvxcoreli.so
ad226000-ad23c000 rw-p 006ec000 08:05 7092669    /usr/lib/libreoffice/basis3.3/program/libsvxcoreli.so
ad23c000-ad23e000 rw-p 00000000 00:00 0 
ad23e000-ad2d1000 r-xp 00000000 08:05 7092747    /usr/lib/libreoffice/basis3.3/program/liblngli.so
ad2d1000-ad2d5000 r--p 00092000 08:05 7092747    /usr/lib/libreoffice/basis3.3/program/liblngli.so
ad2d5000-ad2d6000 rw-p 00096000 08:05 7092747    /usr/lib/libreoffice/basis3.3/program/liblngli.so
ad2d6000-ad2d7000 rw-p 00000000 00:00 0 
ad2d7000-add37000 r-xp 00000000 08:05 7083511    /usr/lib/libreoffice/basis3.3/program/libswli.so
add37000-add38000 ---p 00a60000 08:05 7083511    /usr/lib/libreoffice/basis3.3/program/libswli.so
add38000-add76000 r--p 00a60000 08:05 7083511    /usr/lib/libreoffice/basis3.3/program/libswli.so
add76000-adda8000 rw-p 00a9e000 08:05 7083511    /usr/lib/libreoffice/basis3.3/program/libswli.so
adda8000-addab000 rw-p 00000000 00:00 0 
addab000-addac000 ---p 00000000 00:00 0 
addac000-ae5ac000 rw-p 00000000 00:00 0 
ae5ac000-ae5ce000 r-xp 00000000 08:05 7092748    /usr/lib/libreoffice/basis3.3/program/sax.uno.so
ae5ce000-ae5cf000 ---p 00022000 08:05 7092748    /usr/lib/libreoffice/basis3.3/program/sax.uno.so
ae5cf000-ae5d0000 r--p 00022000 08:05 7092748    /usr/lib/libreoffice/basis3.3/program/sax.uno.so
ae5d0000-ae5d1000 rw-p 00023000 08:05 7092748    /usr/lib/libreoffice/basis3.3/program/sax.uno.so
ae5d1000-ae9d2000 r-xp 00000000 08:05 7092704    /usr/lib/libreoffice/basis3.3/program/libxoli.so
ae9d2000-ae9d3000 ---p 00401000 08:05 7092704    /usr/lib/libreoffice/basis3.3/program/libxoli.so
ae9d3000-ae9e4000 r--p 00401000 08:05 7092704    /usr/lib/libreoffice/basis3.3/program/libxoli.so
ae9e4000-ae9f6000 rw-p 00412000 08:05 7092704    /usr/lib/libreoffice/basis3.3/program/libxoli.so
ae9f6000-ae9f7000 rw-p 00000000 00:00 0 
ae9f7000-aea8a000 r-xp 00000000 08:05 7092631    /usr/lib/libreoffice/basis3.3/program/libxstor.so
aea8a000-aea8c000 r--p 00092000 08:05 7092631    /usr/lib/libreoffice/basis3.3/program/libxstor.so
aea8c000-aea8d000 rw-p 00094000 08:05 7092631    /usr/lib/libreoffice/basis3.3/program/libxstor.so
aea8d000-aea9a000 r-xp 00000000 08:05 7083516    /usr/lib/libreoffice/basis3.3/program/libswdli.so
aea9a000-aea9b000 r--p 0000d000 08:05 7083516    /usr/lib/libreoffice/basis3.3/program/libswdli.so
aea9b000-aea9c000 rw-p 0000e000 08:05 7083516    /usr/lib/libreoffice/basis3.3/program/libswdli.so
aea9c000-aeaa2000 r-xp 00000000 08:05 7092643    /usr/lib/libreoffice/basis3.3/program/libxmlfdli.so
aeaa2000-aeaa3000 r--p 00006000 08:05 7092643    /usr/lib/libreoffice/basis3.3/program/libxmlfdli.so
aeaa3000-aeaa4000 rw-p 00007000 08:05 7092643    /usr/lib/libreoffice/basis3.3/program/libxmlfdli.so
aeaa4000-aeb8c000 rw-p 00000000 00:00 0 
aeb8c000-aebf4000 r-xp 00000000 08:05 7092717    /usr/lib/libreoffice/basis3.3/program/libunoxmlli.so
aebf4000-aebfc000 r--p 00067000 08:05 7092717    /usr/lib/libreoffice/basis3.3/program/libunoxmlli.so
aebfc000-aebfd000 rw-p 0006f000 08:05 7092717    /usr/lib/libreoffice/basis3.3/program/libunoxmlli.so
aebfd000-aec0d000 r-xp 00000000 08:05 7092679    /usr/lib/libreoffice/basis3.3/program/libfileacc.so
aec0d000-aec0e000 r--p 0000f000 08:05 7092679    /usr/lib/libreoffice/basis3.3/program/libfileacc.so
aec0e000-aec0f000 rw-p 00010000 08:05 7092679    /usr/lib/libreoffice/basis3.3/program/libfileacc.so
aec0f000-aec43000 r-xp 00000000 08:05 7082407    /usr/lib/libxslt.so.1.1.26
aec43000-aec44000 r--p 00034000 08:05 7082407    /usr/lib/libxslt.so.1.1.26
aec44000-aec45000 rw-p 00035000 08:05 7082407    /usr/lib/libxslt.so.1.1.26
aec45000-aec6d000 r-xp 00000000 08:05 7092662    /usr/lib/libreoffice/basis3.3/program/libhelplinkerli.so
aec6d000-aec6e000 r--p 00027000 08:05 7092662    /usr/lib/libreoffice/basis3.3/program/libhelplinkerli.so
aec6e000-aec6f000 rw-p 00028000 08:05 7092662    /usr/lib/libreoffice/basis3.3/program/libhelplinkerli.so
aec6f000-aed1b000 r-xp 00000000 08:05 7092764    /usr/lib/libreoffice/basis3.3/program/deploymentli.uno.so
aed1b000-aed21000 r--p 000ac000 08:05 7092764    /usr/lib/libreoffice/basis3.3/program/deploymentli.uno.so
aed21000-aed22000 rw-p 000b2000 08:05 7092764    /usr/lib/libreoffice/basis3.3/program/deploymentli.uno.so
aed22000-aed69000 r-xp 00000000 08:05 7085086    /usr/lib/libreoffice/basis3.3/program/libfilterconfig1.so
aed69000-aed6a000 ---p 00047000 08:05 7085086    /usr/lib/libreoffice/basis3.3/program/libfilterconfig1.so
aed6a000-aed6c000 r--p 00047000 08:05 7085086    /usr/lib/libreoffice/basis3.3/program/libfilterconfig1.so
aed6c000-aed6d000 rw-p 00049000 08:05 7085086    /usr/lib/libreoffice/basis3.3/program/libfilterconfig1.so
aed6d000-aedb3000 r-xp 00000000 08:05 7092713    /usr/lib/libreoffice/basis3.3/program/libuuili.so
aedb3000-aedb6000 r--p 00045000 08:05 7092713    /usr/lib/libreoffice/basis3.3/program/libuuili.so
aedb6000-aedb7000 rw-p 00048000 08:05 7092713    /usr/lib/libreoffice/basis3.3/program/libuuili.so
aedb7000-aee0f000 r--s 00000000 08:05 8127550    /usr/share/fonts/truetype/ubuntu-font-family/Ubuntu-R.ttf
aee0f000-aee35000 rw-p 00000000 00:00 0 
aee35000-aee40000 r-xp 00000000 08:05 3408782    /lib/i386-linux-gnu/libudev.so.0.11.1
aee40000-aee41000 r--p 0000a000 08:05 3408782    /lib/i386-linux-gnu/libudev.so.0.11.1
aee41000-aee42000 rw-p 0000b000 08:05 3408782    /lib/i386-linux-gnu/libudev.so.0.11.1
aee42000-aee55000 r-xp 00000000 08:05 7083163    /usr/lib/libgvfscommon.so.0.0.0
aee55000-aee56000 r--p 00012000 08:05 7083163    /usr/lib/libgvfscommon.so.0.0.0
aee56000-aee57000 rw-p 00013000 08:05 7083163    /usr/lib/libgvfscommon.so.0.0.0
aee57000-aee7a000 r-xp 00000000 08:05 7084246    /usr/lib/gio/modules/libgvfsdbus.so
aee7a000-aee7b000 r--p 00023000 08:05 7084246    /usr/lib/gio/modules/libgvfsdbus.so
aee7b000-aee7c000 rw-p 00024000 08:05 7084246    /usr/lib/gio/modules/libgvfsdbus.so
aee7c000-aeeb6000 r-xp 00000000 08:05 7081980    /usr/lib/libibus.so.2.0.0
aeeb6000-aeeb7000 r--p 00039000 08:05 7081980    /usr/lib/libibus.so.2.0.0
aeeb7000-aeeb8000 rw-p 0003a000 08:05 7081980    /usr/lib/libibus.so.2.0.0
aeeb8000-aeeb9000 r-xp 00000000 08:05 7083118    /usr/lib/gdk-pixbuf-2.0/2.10.0/loaders/libpixbufloader-svg.so
aeeb9000-aeeba000 r--p 00000000 08:05 7083118    /usr/lib/gdk-pixbuf-2.0/2.10.0/loaders/libpixbufloader-svg.so
aeeba000-aeebb000 rw-p 00001000 08:05 7083118    /usr/lib/gdk-pixbuf-2.0/2.10.0/loaders/libpixbufloader-svg.so
aeebb000-aeebf000 r-xp 00000000 08:05 3408749    /lib/i386-linux-gnu/libnss_dns-2.13.so
aeebf000-aeec0000 r--p 00004000 08:05 3408749    /lib/i386-linux-gnu/libnss_dns-2.13.so
aeec0000-aeec1000 rw-p 00005000 08:05 3408749    /lib/i386-linux-gnu/libnss_dns-2.13.so
aeec1000-aeec3000 r-xp 00000000 08:05 3407940    /lib/libnss_mdns4_minimal.so.2
aeec3000-aeec4000 r--p 00001000 08:05 3407940    /lib/libnss_mdns4_minimal.so.2
aeec4000-aeec5000 rw-p 00002000 08:05 3407940    /lib/libnss_mdns4_minimal.so.2
aeec5000-aeeca000 r-xp 00000000 08:05 7092744    /usr/lib/libreoffice/basis3.3/program/ucpexpand1.uno.so
aeeca000-aeecb000 r--p 00004000 08:05 7092744    /usr/lib/libreoffice/basis3.3/program/ucpexpand1.uno.so
aeecb000-aeecc000 rw-p 00005000 08:05 7092744    /usr/lib/libreoffice/basis3.3/program/ucpexpand1.uno.so
aeecc000-aef1b000 r--p 00000000 08:05 8127508    /usr/share/fonts/truetype/ttf-dejavu/DejaVuSansMono.ttf
aef1b000-aef73000 r--p 00000000 08:05 8127550    /usr/share/fonts/truetype/ubuntu-font-family/Ubuntu-R.ttf
aef73000-aef75000 r-xp 00000000 08:05 7084777    /usr/lib/i386-linux-gnu/pango/1.6.0/modules/pango-basic-fc.so
aef75000-aef76000 r--p 00001000 08:05 7084777    /usr/lib/i386-linux-gnu/pango/1.6.0/modules/pango-basic-fc.so
aef76000-aef77000 rw-p 00002000 08:05 7084777    /usr/lib/i386-linux-gnu/pango/1.6.0/modules/pango-basic-fc.so
aef77000-aef78000 r--s 00000000 08:05 2106585    /var/cache/fontconfig/26de28bc8622bbc1fb67fd234c21975f-le32d4.cache-3
aef78000-aef79000 r--s 00000000 08:05 2105858    /var/cache/fontconfig/c05880de57d1f5e948fdfacc138775d9-le32d4.cache-3
aef79000-aef7f000 r--s 00000000 08:05 2097362    /var/cache/fontconfig/945677eb7aeaf62f1d50efc3fb3ec7d8-le32d4.cache-3
aef7f000-aef81000 r--s 00000000 08:05 2105855    /var/cache/fontconfig/99e8ed0e538f840c565b6ed5dad60d56-le32d4.cache-3
aef81000-aef84000 r--s 00000000 08:05 2105851    /var/cache/fontconfig/e383d7ea5fbe662a33d9b44caf393297-le32d4.cache-3
aef84000-aef89000 r--s 00000000 08:05 2106586    /var/cache/fontconfig/401a5dd6b567794a1d18dd9342dfa604-le32d4.cache-3
aef89000-aef8b000 r--s 00000000 08:05 2105850    /var/cache/fontconfig/2cd17615ca594fa2959ae173292e504c-le32d4.cache-3
aef8b000-aef8c000 r--s 00000000 08:05 2105849    /var/cache/fontconfig/e7071f4a29fa870f4323321c154eba04-le32d4.cache-3
aef8c000-aef8f000 r--s 00000000 08:05 2105846    /var/cache/fontconfig/6eb3985aa4124903f6ff08ba781cd364-le32d4.cache-3
aef8f000-aef90000 r--s 00000000 08:05 2105844    /var/cache/fontconfig/4c73fe0c47614734b17d736dbde7580a-le32d4.cache-3
aef90000-aef91000 r--s 00000000 08:05 2105839    /var/cache/fontconfig/0d8c3b2ac0904cb8a57a757ad11a4a08-le32d4.cache-3
aef91000-aef92000 r--s 00000000 08:05 2105835    /var/cache/fontconfig/6a53c69dea097a2d716e069445527da8-le32d4.cache-3
aef92000-aef96000 r--s 00000000 08:05 2105818    /var/cache/fontconfig/a755afe4a08bf5b97852ceb7400b47bc-le32d4.cache-3
aef96000-aef97000 r--s 00000000 08:05 2105755    /var/cache/fontconfig/62a4b19f7de7ae895df27729cc003efd-le32d4.cache-3
aef97000-aef9b000 r--s 00000000 08:05 2106516    /var/cache/fontconfig/515ca1ebc4b18308bea979be5704f9db-le32d4.cache-3
aef9b000-aefa2000 r--s 00000000 08:05 2105655    /var/cache/fontconfig/6d41288fd70b0be22e8c3a91e032eec0-le32d4.cache-3
aefa2000-aefc4000 r--s 00000000 08:05 2106593    /var/cache/fontconfig/365b55f210c0a22e9a19e35191240f32-le32d4.cache-3
aefc4000-aefc5000 ---p 00000000 00:00 0 
aefc5000-af7c5000 rw-p 00000000 00:00 0 
af7c5000-af7da000 r-xp 00000000 08:05 7096085    /usr/lib/libdbusmenu-glib.so.3.0.14
af7da000-af7db000 r--p 00014000 08:05 7096085    /usr/lib/libdbusmenu-glib.so.3.0.14
af7db000-af7dc000 rw-p 00015000 08:05 7096085    /usr/lib/libdbusmenu-glib.so.3.0.14
af7dc000-af822000 rw-p 00000000 00:00 0 
af822000-af830000 r-xp 00000000 08:05 7081683    /usr/lib/libdbusmenu-gtk.so.3.0.14
af830000-af831000 r--p 0000d000 08:05 7081683    /usr/lib/libdbusmenu-gtk.so.3.0.14
af831000-af832000 rw-p 0000e000 08:05 7081683    /usr/lib/libdbusmenu-gtk.so.3.0.14
af832000-af836000 r-xp 00000000 08:05 7084199    /usr/lib/gtk-2.0/2.10.0/immodules/im-ibus.so
af836000-af837000 r--p 00003000 08:05 7084199    /usr/lib/gtk-2.0/2.10.0/immodules/im-ibus.so
af837000-af838000 rw-p 00004000 08:05 7084199    /usr/lib/gtk-2.0/2.10.0/immodules/im-ibus.so
af838000-af843000 r--s 00000000 08:05 2105085    /var/cache/fontconfig/0f34bcd4b6ee430af32735b75db7f02b-le32d4.cache-3
af843000-af846000 r--s 00000000 08:05 2104486    /var/cache/fontconfig/d60319d88cac85ba9e1a07bd06cfbb8c-le32d4.cache-3
af846000-af84a000 r-xp 00000000 08:05 7084208    /usr/lib/gtk-2.0/2.10.0/menuproxies/libappmenu.so
af84a000-af84b000 r--p 00003000 08:05 7084208    /usr/lib/gtk-2.0/2.10.0/menuproxies/libappmenu.so
af84b000-af84c000 rw-p 00004000 08:05 7084208    /usr/lib/gtk-2.0/2.10.0/menuproxies/libappmenu.so
af84c000-af8ac000 rw-s 00000000 00:04 5341215    /SYSV00000000 (deleted)
af8ac000-af8b2000 r--p 00000000 08:05 8654760    /usr/share/locale-langpack/es/LC_MESSAGES/gdk-pixbuf.mo
af8b2000-afa76000 r-xp 00000000 08:05 7081990    /usr/lib/libicui18n.so.44.2
afa76000-afa7c000 r--p 001c3000 08:05 7081990    /usr/lib/libicui18n.so.44.2
afa7c000-afa7d000 rw-p 001c9000 08:05 7081990    /usr/lib/libicui18n.so.44.2
afa7d000-afa7e000 rw-p 00000000 00:00 0 
afa7e000-afbee000 r-xp 00000000 08:05 7085072    /usr/lib/libreoffice/basis3.3/program/i18npool.uno.so
afbee000-afbfb000 r--p 0016f000 08:05 7085072    /usr/lib/libreoffice/basis3.3/program/i18npool.uno.so
afbfb000-afbfe000 rw-p 0017c000 08:05 7085072    /usr/lib/libreoffice/basis3.3/program/i18npool.uno.so
afbfe000-afc00000 rw-p 00000000 00:00 0 
afc00000-afceb000 rw-p 00000000 00:00 0 
afceb000-afd00000 ---p 00000000 00:00 0 
afd00000-afd01000 rw-p 00000000 00:00 0 
afd01000-afd02000 r--p 00000000 00:00 0 
afd02000-afd0a000 r--s 00000000 08:05 2104475    /var/cache/fontconfig/d52a8644073d54c13679302ca1180695-le32d4.cache-3
afd0a000-afd0c000 r--s 00000000 08:05 2097357    /var/cache/fontconfig/e13b20fdb08344e0e664864cc2ede53d-le32d4.cache-3
afd0c000-afd68000 r-xp 00000000 08:05 7092652    /usr/lib/libreoffice/basis3.3/program/libpackage2.so
afd68000-afd6b000 r--p 0005b000 08:05 7092652    /usr/lib/libreoffice/basis3.3/program/libpackage2.so
afd6b000-afd6c000 rw-p 0005e000 08:05 7092652    /usr/lib/libreoffice/basis3.3/program/libpackage2.so
afd6c000-afd6d000 ---p 00000000 00:00 0 
afd6d000-b056d000 rw-p 00000000 00:00 0 
b056d000-b0582000 r--p 00000000 08:05 8654870    /usr/share/locale-langpack/es/LC_MESSAGES/glib20.mo
b0582000-b05d7000 r-xp 00000000 08:05 7092707    /usr/lib/libreoffice/basis3.3/program/libucpfile1.so
b05d7000-b05d8000 ---p 00055000 08:05 7092707    /usr/lib/libreoffice/basis3.3/program/libucpfile1.so
b05d8000-b05da000 r--p 00055000 08:05 7092707    /usr/lib/libreoffice/basis3.3/program/libucpfile1.so
b05da000-b05db000 rw-p 00057000 08:05 7092707    /usr/lib/libreoffice/basis3.3/program/libucpfile1.so
b05db000-b0849000 r-xp 00000000 08:05 7084763    /usr/lib/libreoffice/basis3.3/program/libfwkli.so
b0849000-b0856000 r--p 0026e000 08:05 7084763    /usr/lib/libreoffice/basis3.3/program/libfwkli.so
b0856000-b0858000 rw-p 0027b000 08:05 7084763    /usr/lib/libreoffice/basis3.3/program/libfwkli.so
b0858000-b0859000 rw-p 00000000 00:00 0 
b0859000-b085c000 r-xp 00000000 08:05 3408739    /lib/i386-linux-gnu/libgpg-error.so.0.8.0
b085c000-b085d000 r--p 00002000 08:05 3408739    /lib/i386-linux-gnu/libgpg-error.so.0.8.0
b085d000-b085e000 rw-p 00003000 08:05 3408739    /lib/i386-linux-gnu/libgpg-error.so.0.8.0
b085e000-b086d000 r-xp 00000000 08:05 7084422    /usr/lib/i386-linux-gnu/libtasn1.so.3.1.9
b086d000-b086e000 r--p 0000e000 08:05 7084422    /usr/lib/i386-linux-gnu/libtasn1.so.3.1.9
b086e000-b086f000 rw-p 0000f000 08:05 7084422    /usr/lib/i386-linux-gnu/libtasn1.so.3.1.9
b086f000-b08b6000 r-xp 00000000 08:05 7081529    /usr/lib/libORBit-2.so.0.1.0
b08b6000-b08be000 r--p 00047000 08:05 7081529    /usr/lib/libORBit-2.so.0.1.0
b08be000-b08c0000 rw-p 0004f000 08:05 7081529    /usr/lib/libORBit-2.so.0.1.0
b08c0000-b08c2000 r-xp 00000000 08:05 3408783    /lib/i386-linux-gnu/libutil-2.13.so
b08c2000-b08c3000 r--p 00001000 08:05 3408783    /lib/i386-linux-gnu/libutil-2.13.so
b08c3000-b08c4000 rw-p 00002000 08:05 3408783    /lib/i386-linux-gnu/libutil-2.13.so
b08c4000-b0935000 r-xp 00000000 08:05 3408735    /lib/i386-linux-gnu/libgcrypt.so.11.6.0
b0935000-b0936000 r--p 00070000 08:05 3408735    /lib/i386-linux-gnu/libgcrypt.so.11.6.0
b0936000-b0938000 rw-p 00071000 08:05 3408735    /lib/i386-linux-gnu/libgcrypt.so.11.6.0
b0938000-b09c9000 r-xp 00000000 08:05 7084362    /usr/lib/i386-linux-gnu/libgnutls.so.26.14.12
b09c9000-b09cd000 r--p 00090000 08:05 7084362    /usr/lib/i386-linux-gnu/libgnutls.so.26.14.12
b09cd000-b09ce000 rw-p 00094000 08:05 7084362    /usr/lib/i386-linux-gnu/libgnutls.so.26.14.12
b09ce000-b09dc000 r-xp 00000000 08:05 7084321    /usr/lib/i386-linux-gnu/libavahi-client.so.3.2.9
b09dc000-b09dd000 r--p 0000d000 08:05 7084321    /usr/lib/i386-linux-gnu/libavahi-client.so.3.2.9
b09dd000-b09de000 rw-p 0000e000 08:05 7084321    /usr/lib/i386-linux-gnu/libavahi-client.so.3.2.9
b09de000-b09e8000 r-xp 00000000 08:05 7084323    /usr/lib/i386-linux-gnu/libavahi-common.so.3.5.3
b09e8000-b09e9000 r--p 00009000 08:05 7084323    /usr/lib/i386-linux-gnu/libavahi-common.so.3.5.3
b09e9000-b09ea000 rw-p 0000a000 08:05 7084323    /usr/lib/i386-linux-gnu/libavahi-common.so.3.5.3
b09ea000-b0a18000 r-xp 00000000 08:05 7081773    /usr/lib/libgconf-2.so.4.1.5
b0a18000-b0a19000 ---p 0002e000 08:05 7081773    /usr/lib/libgconf-2.so.4.1.5
b0a19000-b0a1a000 r--p 0002e000 08:05 7081773    /usr/lib/libgconf-2.so.4.1.5
b0a1a000-b0a1c000 rw-p 0002f000 08:05 7081773    /usr/lib/libgconf-2.so.4.1.5
b0a1c000-b0a74000 r-xp 00000000 08:05 7081851    /usr/lib/libgnomevfs-2.so.0.2400.4
b0a74000-b0a76000 r--p 00057000 08:05 7081851    /usr/lib/libgnomevfs-2.so.0.2400.4
b0a76000-b0a78000 rw-p 00059000 08:05 7081851    /usr/lib/libgnomevfs-2.so.0.2400.4
b0a78000-b0a7b000 r--s 00000000 08:05 2106582    /var/cache/fontconfig/7ef2298fde41cc6eeb7af42e48b7d293-le32d4.cache-3
b0a7b000-b0a83000 r-xp 00000000 08:05 7083495    /usr/lib/libreoffice/basis3.3/program/gconfbe1.uno.so
b0a83000-b0a84000 r--p 00008000 08:05 7083495    /usr/lib/libreoffice/basis3.3/program/gconfbe1.uno.so
b0a84000-b0a85000 rw-p 00009000 08:05 7083495    /usr/lib/libreoffice/basis3.3/program/gconfbe1.uno.so
b0a85000-b0a8a000 r-xp 00000000 08:05 7092736    /usr/lib/libreoffice/basis3.3/program/desktopbe1.uno.so
b0a8a000-b0a8b000 r--p 00004000 08:05 7092736    /usr/lib/libreoffice/basis3.3/program/desktopbe1.uno.so
b0a8b000-b0a8c000 rw-p 00005000 08:05 7092736    /usr/lib/libreoffice/basis3.3/program/desktopbe1.uno.so
b0a8c000-b0aa8000 r-xp 00000000 08:05 7078582    /usr/lib/libreoffice/basis3.3/program/ucpgvfs1.uno.so
b0aa8000-b0aa9000 r--p 0001c000 08:05 7078582    /usr/lib/libreoffice/basis3.3/program/ucpgvfs1.uno.so
b0aa9000-b0aaa000 rw-p 0001d000 08:05 7078582    /usr/lib/libreoffice/basis3.3/program/ucpgvfs1.uno.so
b0aaa000-b0aec000 r-xp 00000000 08:05 7092751    /usr/lib/libreoffice/basis3.3/program/libucb1.so
b0aec000-b0aee000 r--p 00042000 08:05 7092751    /usr/lib/libreoffice/basis3.3/program/libucb1.so
b0aee000-b0aef000 rw-p 00044000 08:05 7092751    /usr/lib/libreoffice/basis3.3/program/libucb1.so
b0aef000-b0aff000 rw-p 00000000 00:00 0 
b0aff000-b0b00000 ---p 00000000 00:00 0 
b0b00000-b1300000 rw-p 00000000 00:00 0 
b1300000-b1301000 ---p 00000000 00:00 0 
b1301000-b1b01000 rw-p 00000000 00:00 0 
b1b01000-b1b1b000 r-xp 00000000 08:05 7478956    /usr/lib/ure/lib/stocservices.uno.so
b1b1b000-b1b1d000 r--p 00019000 08:05 7478956    /usr/lib/ure/lib/stocservices.uno.so
b1b1d000-b1b1e000 rw-p 0001b000 08:05 7478956    /usr/lib/ure/lib/stocservices.uno.so
b1b1e000-b1b23000 r-xp 00000000 08:05 7092650    /usr/lib/libreoffice/basis3.3/program/localebe1.uno.so
b1b23000-b1b24000 r--p 00004000 08:05 7092650    /usr/lib/libreoffice/basis3.3/program/localebe1.uno.so
b1b24000-b1b25000 rw-p 00005000 08:05 7092650    /usr/lib/libreoffice/basis3.3/program/localebe1.uno.so
b1b25000-b1b9f000 r-xp 00000000 08:05 7092665    /usr/lib/libreoffice/basis3.3/program/configmgr.uno.so
b1b9f000-b1ba2000 r--p 00079000 08:05 7092665    /usr/lib/libreoffice/basis3.3/program/configmgr.uno.so
b1ba2000-b1ba3000 rw-p 0007c000 08:05 7092665    /usr/lib/libreoffice/basis3.3/program/configmgr.uno.so
b1ba3000-b20f6000 r--s 00000000 08:05 2107262    /var/lib/libreoffice/basis3.3/program/services.rdb
b20f6000-b2132000 r--s 00000000 08:05 7478925    /usr/lib/ure/share/misc/services.rdb
b2132000-b2324000 r--s 00000000 08:05 7092686    /usr/lib/libreoffice/basis3.3/program/oovbaapi.rdb
b2324000-b297a000 r--s 00000000 08:05 7092653    /usr/lib/libreoffice/basis3.3/program/offapi.rdb
b297a000-b2a45000 r--s 00000000 08:05 7478927    /usr/lib/ure/share/misc/types.rdb
b2a45000-b2a59000 r-xp 00000000 08:05 7478931    /usr/lib/ure/lib/libstore.so.3
b2a59000-b2a5a000 ---p 00014000 08:05 7478931    /usr/lib/ure/lib/libstore.so.3
b2a5a000-b2a5b000 r--p 00014000 08:05 7478931    /usr/lib/ure/lib/libstore.so.3
b2a5b000-b2a5c000 rw-p 00015000 08:05 7478931    /usr/lib/ure/lib/libstore.so.3
b2a5c000-b2a79000 r-xp 00000000 08:05 7478961    /usr/lib/ure/lib/libreg.so.3
b2a79000-b2a7a000 r--p 0001c000 08:05 7478961    /usr/lib/ure/lib/libreg.so.3
b2a7a000-b2a7b000 rw-p 0001d000 08:05 7478961    /usr/lib/ure/lib/libreg.so.3
b2a7b000-b2b18000 r-xp 00000000 08:05 7478929    /usr/lib/ure/lib/bootstrap.uno.so
b2b18000-b2b1e000 r--p 0009c000 08:05 7478929    /usr/lib/ure/lib/bootstrap.uno.so
b2b1e000-b2b1f000 rw-p 000a2000 08:05 7478929    /usr/lib/ure/lib/bootstrap.uno.so
b2b1f000-b2b20000 rw-p 00000000 00:00 0 
b2b20000-b2b2d000 r-xp 00000000 08:05 7478962    /usr/lib/ure/lib/libgcc3_uno.so
b2b2d000-b2b2e000 r--p 0000c000 08:05 7478962    /usr/lib/ure/lib/libgcc3_uno.so
b2b2e000-b2b2f000 rw-p 0000d000 08:05 7478962    /usr/lib/ure/lib/libgcc3_uno.so
b2b2f000-b2b5c000 r-xp 00000000 08:05 7084191    /usr/lib/gtk-2.0/2.10.0/engines/libmurrine.so
b2b5c000-b2b5d000 r--p 0002c000 08:05 7084191    /usr/lib/gtk-2.0/2.10.0/engines/libmurrine.so
b2b5d000-b2b5e000 rw-p 0002d000 08:05 7084191    /usr/lib/gtk-2.0/2.10.0/engines/libmurrine.so
b2b5e000-b2b63000 r-xp 00000000 08:05 7082133    /usr/lib/libogg.so.0.7.0
b2b63000-b2b64000 r--p 00004000 08:05 7082133    /usr/lib/libogg.so.0.7.0
b2b64000-b2b65000 rw-p 00005000 08:05 7082133    /usr/lib/libogg.so.0.7.0
b2b65000-b2b8a000 r-xp 00000000 08:05 7082366    /usr/lib/libvorbis.so.0.4.5
b2b8a000-b2b8b000 r--p 00025000 08:05 7082366    /usr/lib/libvorbis.so.0.4.5
b2b8b000-b2b8c000 rw-p 00026000 08:05 7082366    /usr/lib/libvorbis.so.0.4.5
b2b8c000-b2b93000 r-xp 00000000 08:05 7082054    /usr/lib/libltdl.so.7.2.1
b2b93000-b2b94000 r--p 00006000 08:05 7082054    /usr/lib/libltdl.so.7.2.1
b2b94000-b2b95000 rw-p 00007000 08:05 7082054    /usr/lib/libltdl.so.7.2.1
b2b95000-b2ba4000 r-xp 00000000 08:05 7082304    /usr/lib/libtdb.so.1.2.9
b2ba4000-b2ba5000 r--p 0000e000 08:05 7082304    /usr/lib/libtdb.so.1.2.9
b2ba5000-b2ba6000 rw-p 0000f000 08:05 7082304    /usr/lib/libtdb.so.1.2.9
b2ba6000-b2bad000 r-xp 00000000 08:05 7082370    /usr/lib/libvorbisfile.so.3.3.4
b2bad000-b2bae000 r--p 00006000 08:05 7082370    /usr/lib/libvorbisfile.so.3.3.4
b2bae000-b2baf000 rw-p 00007000 08:05 7082370    /usr/lib/libvorbisfile.so.3.3.4
b2baf000-b2bbd000 r-xp 00000000 08:05 7081628    /usr/lib/libcanberra.so.0.2.5
b2bbd000-b2bbe000 r--p 0000d000 08:05 7081628    /usr/lib/libcanberra.so.0.2.5
b2bbe000-b2bbf000 rw-p 0000e000 08:05 7081628    /usr/lib/libcanberra.so.0.2.5
b2bbf000-b2bc1000 r-xp 00000000 08:05 7084327    /usr/lib/i386-linux-gnu/libavahi-glib.so.1.0.2
b2bc1000-b2bc2000 r--p 00001000 08:05 7084327    /usr/lib/i386-linux-gnu/libavahi-glib.so.1.0.2
b2bc2000-b2bc3000 rw-p 00002000 08:05 7084327    /usr/lib/i386-linux-gnu/libavahi-glib.so.1.0.2
b2bc3000-b2bc7000 r-xp 00000000 08:05 7092664    /usr/lib/libreoffice/basis3.3/program/libspl_unxli.so
b2bc7000-b2bc8000 r--p 00004000 08:05 7092664    /usr/lib/libreoffice/basis3.3/program/libspl_unxli.so
b2bc8000-b2bc9000 rw-p 00005000 08:05 7092664    /usr/lib/libreoffice/basis3.3/program/libspl_unxli.so
b2bc9000-b2bd0000 r-xp 00000000 08:05 7084192    /usr/lib/gtk-2.0/2.10.0/engines/libpixmap.so
b2bd0000-b2bd1000 ---p 00007000 08:05 7084192    /usr/lib/gtk-2.0/2.10.0/engines/libpixmap.so
b2bd1000-b2bd2000 r--p 00007000 08:05 7084192    /usr/lib/gtk-2.0/2.10.0/engines/libpixmap.so
b2bd2000-b2bd3000 rw-p 00008000 08:05 7084192    /usr/lib/gtk-2.0/2.10.0/engines/libpixmap.so
b2bd3000-b2bfd000 r--p 00000000 08:05 8654873    /usr/share/locale-langpack/es/LC_MESSAGES/gtk20-properties.mo
b2bfd000-b2c07000 r-xp 00000000 08:05 3408751    /lib/i386-linux-gnu/libnss_files-2.13.so
b2c07000-b2c08000 r--p 00009000 08:05 3408751    /lib/i386-linux-gnu/libnss_files-2.13.so
b2c08000-b2c09000 rw-p 0000a000 08:05 3408751    /lib/i386-linux-gnu/libnss_files-2.13.so
b2c09000-b2c12000 r-xp 00000000 08:05 3408755    /lib/i386-linux-gnu/libnss_nis-2.13.so
b2c12000-b2c13000 r--p 00008000 08:05 3408755    /lib/i386-linux-gnu/libnss_nis-2.13.so
b2c13000-b2c14000 rw-p 00009000 08:05 3408755    /lib/i386-linux-gnu/libnss_nis-2.13.so
b2c14000-b2c27000 r-xp 00000000 08:05 3408745    /lib/i386-linux-gnu/libnsl-2.13.so
b2c27000-b2c28000 r--p 00012000 08:05 3408745    /lib/i386-linux-gnu/libnsl-2.13.so
b2c28000-b2c29000 rw-p 00013000 08:05 3408745    /lib/i386-linux-gnu/libnsl-2.13.so
b2c29000-b2c2b000 rw-p 00000000 00:00 0 
b2c2b000-b2c31000 r-xp 00000000 08:05 3408747    /lib/i386-linux-gnu/libnss_compat-2.13.so
b2c31000-b2c32000 r--p 00005000 08:05 3408747    /lib/i386-linux-gnu/libnss_compat-2.13.so
b2c32000-b2c33000 rw-p 00006000 08:05 3408747    /lib/i386-linux-gnu/libnss_compat-2.13.so
b2c33000-b2c34000 r--s 00000000 08:05 2107282    /var/cache/fontconfig/4794a0821666d79190d59a36cb4f44b5-le32d4.cache-3
b2c34000-b2c35000 r-xs 00000000 08:06 8257666    /home/fontanon/.execooomuh8dS (deleted)
b2c35000-b2c36000 rw-s 00000000 08:06 8257666    /home/fontanon/.execooomuh8dS (deleted)
b2c36000-b2c37000 r--s 00000000 08:06 10225159   /home/fontanon/.local/share/mime/mime.cache
b2c37000-b2c3b000 r-xp 00000000 08:05 7084214    /usr/lib/gtk-2.0/modules/libcanberra-gtk-module.so
b2c3b000-b2c3c000 r--p 00003000 08:05 7084214    /usr/lib/gtk-2.0/modules/libcanberra-gtk-module.so
b2c3c000-b2c3d000 rw-p 00004000 08:05 7084214    /usr/lib/gtk-2.0/modules/libcanberra-gtk-module.so
b2c3d000-b2c45000 r-xp 00000000 08:05 7078436    /usr/lib/liboverlay-scrollbar-0.1.so.0.0.12
b2c45000-b2c46000 r--p 00007000 08:05 7078436    /usr/lib/liboverlay-scrollbar-0.1.so.0.0.12
b2c46000-b2c47000 rw-p 00008000 08:05 7078436    /usr/lib/liboverlay-scrollbar-0.1.so.0.0.12
b2c47000-b2c6a000 r--p 00000000 08:05 8655959    /usr/share/locale-langpack/es/LC_MESSAGES/libc.mo
b2c6a000-b2c6e000 r-xp 00000000 08:05 7084297    /usr/lib/i386-linux-gnu/libXdmcp.so.6.0.0
b2c6e000-b2c6f000 r--p 00003000 08:05 7084297    /usr/lib/i386-linux-gnu/libXdmcp.so.6.0.0
b2c6f000-b2c70000 rw-p 00004000 08:05 7084297    /usr/lib/i386-linux-gnu/libXdmcp.so.6.0.0
b2c70000-b2c72000 r-xp 00000000 08:05 7084289    /usr/lib/i386-linux-gnu/libXau.so.6.0.0
b2c72000-b2c73000 r--p 00001000 08:05 7084289    /usr/lib/i386-linux-gnu/libXau.so.6.0.0
b2c73000-b2c74000 rw-p 00002000 08:05 7084289    /usr/lib/i386-linux-gnu/libXau.so.6.0.0
b2c74000-b2c77000 r-xp 00000000 08:05 3408786    /lib/i386-linux-gnu/libuuid.so.1.3.0
b2c77000-b2c78000 r--p 00002000 08:05 3408786    /lib/i386-linux-gnu/libuuid.so.1.3.0
b2c78000-b2c79000 rw-p 00003000 08:05 3408786    /lib/i386-linux-gnu/libuuid.so.1.3.0
b2c79000-b2c9f000 r-xp 00000000 08:05 3408728    /lib/i386-linux-gnu/libexpat.so.1.5.2
b2c9f000-b2ca0000 ---p 00026000 08:05 3408728    /lib/i386-linux-gnu/libexpat.so.1.5.2
b2ca0000-b2ca2000 r--p 00026000 08:05 3408728    /lib/i386-linux-gnu/libexpat.so.1.5.2
b2ca2000-b2ca3000 rw-p 00028000 08:05 3408728    /lib/i386-linux-gnu/libexpat.so.1.5.2
b2ca3000-b2cbc000 r-xp 00000000 08:05 3408776    /lib/i386-linux-gnu/libselinux.so.1
b2cbc000-b2cbd000 r--p 00018000 08:05 3408776    /lib/i386-linux-gnu/libselinux.so.1
b2cbd000-b2cbe000 rw-p 00019000 08:05 3408776    /lib/i386-linux-gnu/libselinux.so.1
b2cbe000-b2ccf000 r-xp 00000000 08:05 3408772    /lib/i386-linux-gnu/libresolv-2.13.so
b2ccf000-b2cd0000 r--p 00010000 08:05 3408772    /lib/i386-linux-gnu/libresolv-2.13.so
b2cd0000-b2cd1000 rw-p 00011000 08:05 3408772    /lib/i386-linux-gnu/libresolv-2.13.so
b2cd1000-b2cd3000 rw-p 00000000 00:00 0 
b2cd3000-b2cd9000 r-xp 00000000 08:05 7084431    /usr/lib/i386-linux-gnu/libxcb-render.so.0.0.0
b2cd9000-b2cda000 r--p 00005000 08:05 7084431    /usr/lib/i386-linux-gnu/libxcb-render.so.0.0.0
b2cda000-b2cdb000 rw-p 00006000 08:05 7084431    /usr/lib/i386-linux-gnu/libxcb-render.so.0.0.0
b2cdb000-b2cdd000 r-xp 00000000 08:05 7084435    /usr/lib/i386-linux-gnu/libxcb-shm.so.0.0.0
b2cdd000-b2cde000 r--p 00001000 08:05 7084435    /usr/lib/i386-linux-gnu/libxcb-shm.so.0.0.0
b2cde000-b2cdf000 rw-p 00002000 08:05 7084435    /usr/lib/i386-linux-gnu/libxcb-shm.so.0.0.0
b2cdf000-b2d02000 r-xp 00000000 08:05 3408229    /lib/i386-linux-gnu/libpng12.so.0.44.0
b2d02000-b2d03000 r--p 00022000 08:05 3408229    /lib/i386-linux-gnu/libpng12.so.0.44.0
b2d03000-b2d04000 rw-p 00023000 08:05 3408229    /lib/i386-linux-gnu/libpng12.so.0.44.0
b2d04000-b2d6b000 r-xp 00000000 08:05 7082170    /usr/lib/libpixman-1.so.0.20.2
b2d6b000-b2d6c000 ---p 00067000 08:05 7082170    /usr/lib/libpixman-1.so.0.20.2
b2d6c000-b2d6f000 r--p 00067000 08:05 7082170    /usr/lib/libpixman-1.so.0.20.2
b2d6f000-b2d70000 rw-p 0006a000 08:05 7082170    /usr/lib/libpixman-1.so.0.20.2
b2d70000-b2d87000 r-xp 00000000 08:05 7084437    /usr/lib/i386-linux-gnu/libxcb.so.1.1.0
b2d87000-b2d88000 r--p 00016000 08:05 7084437    /usr/lib/i386-linux-gnu/libxcb.so.1.1.0
b2d88000-b2d89000 rw-p 00017000 08:05 7084437    /usr/lib/i386-linux-gnu/libxcb.so.1.1.0
b2d89000-b2d9d000 r-xp 00000000 08:05 7084281    /usr/lib/i386-linux-gnu/libICE.so.6.3.0
b2d9d000-b2d9e000 r--p 00013000 08:05 7084281    /usr/lib/i386-linux-gnu/libICE.so.6.3.0
b2d9e000-b2d9f000 rw-p 00014000 08:05 7084281    /usr/lib/i386-linux-gnu/libICE.so.6.3.0
b2d9f000-b2da1000 rw-p 00000000 00:00 0 
b2da1000-b2da7000 r-xp 00000000 08:05 7084283    /usr/lib/i386-linux-gnu/libSM.so.6.0.1
b2da7000-b2da8000 r--p 00005000 08:05 7084283    /usr/lib/i386-linux-gnu/libSM.so.6.0.1
b2da8000-b2da9000 rw-p 00006000 08:05 7084283    /usr/lib/i386-linux-gnu/libSM.so.6.0.1
b2da9000-b2de6000 r-xp 00000000 08:05 3408767    /lib/i386-linux-gnu/libpcre.so.3.12.1
b2de6000-b2de7000 r--p 0003c000 08:05 3408767    /lib/i386-linux-gnu/libpcre.so.3.12.1
b2de7000-b2de8000 rw-p 0003d000 08:05 3408767    /lib/i386-linux-gnu/libpcre.so.3.12.1
b2de8000-b2e23000 r-xp 00000000 08:05 3408227    /lib/i386-linux-gnu/libdbus-1.so.3.5.4
b2e23000-b2e24000 r--p 0003a000 08:05 3408227    /lib/i386-linux-gnu/libdbus-1.so.3.5.4
b2e24000-b2e25000 rw-p 0003b000 08:05 3408227    /lib/i386-linux-gnu/libdbus-1.so.3.5.4
b2e25000-b2e2d000 r-xp 00000000 08:05 7084293    /usr/lib/i386-linux-gnu/libXcursor.so.1.0.2
b2e2d000-b2e2e000 r--p 00007000 08:05 7084293    /usr/lib/i386-linux-gnu/libXcursor.so.1.0.2
b2e2e000-b2e2f000 rw-p 00008000 08:05 7084293    /usr/lib/i386-linux-gnu/libXcursor.so.1.0.2
b2e2f000-b2e3c000 r-xp 00000000 08:05 7084305    /usr/lib/i386-linux-gnu/libXi.so.6.1.0
b2e3c000-b2e3d000 r--p 0000c000 08:05 7084305    /usr/lib/i386-linux-gnu/libXi.so.6.1.0
b2e3d000-b2e3e000 rw-p 0000d000 08:05 7084305    /usr/lib/i386-linux-gnu/libXi.so.6.1.0
b2e3e000-b2e40000 r-xp 00000000 08:05 7084307    /usr/lib/i386-linux-gnu/libXinerama.so.1.0.0
b2e40000-b2e41000 r--p 00001000 08:05 7084307    /usr/lib/i386-linux-gnu/libXinerama.so.1.0.0
b2e41000-b2e42000 rw-p 00002000 08:05 7084307    /usr/lib/i386-linux-gnu/libXinerama.so.1.0.0
b2e42000-b2e4a000 r-xp 00000000 08:05 7084311    /usr/lib/i386-linux-gnu/libXrender.so.1.3.0
b2e4a000-b2e4b000 r--p 00007000 08:05 7084311    /usr/lib/i386-linux-gnu/libXrender.so.1.3.0
b2e4b000-b2e4c000 rw-p 00008000 08:05 7084311    /usr/lib/i386-linux-gnu/libXrender.so.1.3.0
b2e4c000-b2e59000 r-xp 00000000 08:05 7084299    /usr/lib/i386-linux-gnu/libXext.so.6.4.0
b2e59000-b2e5a000 r--p 0000c000 08:05 7084299    /usr/lib/i386-linux-gnu/libXext.so.6.4.0
b2e5a000-b2e5b000 rw-p 0000d000 08:05 7084299    /usr/lib/i386-linux-gnu/libXext.so.6.4.0
b2e5b000-b2e62000 r-xp 00000000 08:05 3408774    /lib/i386-linux-gnu/librt-2.13.so
b2e62000-b2e63000 r--p 00006000 08:05 3408774    /lib/i386-linux-gnu/librt-2.13.so
b2e63000-b2e64000 rw-p 00007000 08:05 3408774    /lib/i386-linux-gnu/librt-2.13.so
b2e64000-b2e66000 r-xp 00000000 08:05 7084356    /usr/lib/i386-linux-gnu/libgmodule-2.0.so.0.2800.6
b2e66000-b2e67000 r--p 00002000 08:05 7084356    /usr/lib/i386-linux-gnu/libgmodule-2.0.so.0.2800.6
b2e67000-b2e68000 rw-p 00003000 08:05 7084356    /usr/lib/i386-linux-gnu/libgmodule-2.0.so.0.2800.6
b2e68000-b2e95000 r-xp 00000000 08:05 7084345    /usr/lib/i386-linux-gnu/libfontconfig.so.1.4.4
b2e95000-b2e96000 r--p 0002c000 08:05 7084345    /usr/lib/i386-linux-gnu/libfontconfig.so.1.4.4
b2e96000-b2e97000 rw-p 0002d000 08:05 7084345    /usr/lib/i386-linux-gnu/libfontconfig.so.1.4.4
b2e97000-b2ebc000 r-xp 00000000 08:05 7084402    /usr/lib/i386-linux-gnu/libpangoft2-1.0.so.0.2800.4
b2ebc000-b2ebd000 ---p 00025000 08:05 7084402    /usr/lib/i386-linux-gnu/libpangoft2-1.0.so.0.2800.4
b2ebd000-b2ebe000 r--p 00025000 08:05 7084402    /usr/lib/i386-linux-gnu/libpangoft2-1.0.so.0.2800.4
b2ebe000-b2ebf000 rw-p 00026000 08:05 7084402    /usr/lib/i386-linux-gnu/libpangoft2-1.0.so.0.2800.4
b2ebf000-b2fbd000 r-xp 00000000 08:05 7084354    /usr/lib/i386-linux-gnu/libgio-2.0.so.0.2800.6
b2fbd000-b2fbe000 ---p 000fe000 08:05 7084354    /usr/lib/i386-linux-gnu/libgio-2.0.so.0.2800.6
b2fbe000-b2fc0000 r--p 000fe000 08:05 7084354    /usr/lib/i386-linux-gnu/libgio-2.0.so.0.2800.6
b2fc0000-b2fc1000 rw-p 00100000 08:05 7084354    /usr/lib/i386-linux-gnu/libgio-2.0.so.0.2800.6
b2fc1000-b2fc2000 rw-p 00000000 00:00 0 
b2fc2000-b3070000 r-xp 00000000 08:05 7081618    /usr/lib/libcairo.so.2.11000.2
b3070000-b3071000 ---p 000ae000 08:05 7081618    /usr/lib/libcairo.so.2.11000.2
b3071000-b3072000 r--p 000ae000 08:05 7081618    /usr/lib/libcairo.so.2.11000.2
b3072000-b3073000 rw-p 000af000 08:05 7081618    /usr/lib/libcairo.so.2.11000.2
b3073000-b3075000 rw-p 00000000 00:00 0 
b3075000-b3079000 r-xp 00000000 08:05 7084301    /usr/lib/i386-linux-gnu/libXfixes.so.3.1.0
b3079000-b307a000 r--p 00003000 08:05 7084301    /usr/lib/i386-linux-gnu/libXfixes.so.3.1.0
b307a000-b307b000 rw-p 00004000 08:05 7084301    /usr/lib/i386-linux-gnu/libXfixes.so.3.1.0
b307b000-b307d000 r-xp 00000000 08:05 7084295    /usr/lib/i386-linux-gnu/libXdamage.so.1.1.0
b307d000-b307e000 r--p 00001000 08:05 7084295    /usr/lib/i386-linux-gnu/libXdamage.so.1.1.0
b307e000-b307f000 rw-p 00002000 08:05 7084295    /usr/lib/i386-linux-gnu/libXdamage.so.1.1.0
b307f000-b3081000 r-xp 00000000 08:05 7084291    /usr/lib/i386-linux-gnu/libXcomposite.so.1.0.0
b3081000-b3082000 r--p 00001000 08:05 7084291    /usr/lib/i386-linux-gnu/libXcomposite.so.1.0.0
b3082000-b3083000 rw-p 00002000 08:05 7084291    /usr/lib/i386-linux-gnu/libXcomposite.so.1.0.0
b3083000-b308d000 r-xp 00000000 08:05 7084400    /usr/lib/i386-linux-gnu/libpangocairo-1.0.so.0.2800.4
b308d000-b308e000 r--p 00009000 08:05 7084400    /usr/lib/i386-linux-gnu/libpangocairo-1.0.so.0.2800.4
b308e000-b308f000 rw-p 0000a000 08:05 7084400    /usr/lib/i386-linux-gnu/libpangocairo-1.0.so.0.2800.4
b308f000-b3095000 r-xp 00000000 08:05 7084309    /usr/lib/i386-linux-gnu/libXrandr.so.2.2.0
b3095000-b3096000 r--p 00005000 08:05 7084309    /usr/lib/i386-linux-gnu/libXrandr.so.2.2.0
b3096000-b3097000 rw-p 00006000 08:05 7084309    /usr/lib/i386-linux-gnu/libXrandr.so.2.2.0
b3097000-b31ad000 r-xp 00000000 08:05 7084287    /usr/lib/i386-linux-gnu/libX11.so.6.3.0
b31ad000-b31ae000 ---p 00116000 08:05 7084287    /usr/lib/i386-linux-gnu/libX11.so.6.3.0
b31ae000-b31af000 r--p 00116000 08:05 7084287    /usr/lib/i386-linux-gnu/libX11.so.6.3.0
b31af000-b31b1000 rw-p 00117000 08:05 7084287    /usr/lib/i386-linux-gnu/libX11.so.6.3.0
b31b1000-b31b2000 rw-p 00000000 00:00 0 
b31b2000-b3282000 r-xp 00000000 08:05 7092647    /usr/lib/libreoffice/basis3.3/program/libvclplug_genli.so
b3282000-b3286000 r--p 000d0000 08:05 7092647    /usr/lib/libreoffice/basis3.3/program/libvclplug_genli.so
b3286000-b328c000 rw-p 000d4000 08:05 7092647    /usr/lib/libreoffice/basis3.3/program/libvclplug_genli.so
b328c000-b328d000 rw-p 00000000 00:00 0 
b328d000-b3362000 r-xp 00000000 08:05 3408737    /lib/i386-linux-gnu/libglib-2.0.so.0.2800.6
b3362000-b3363000 r--p 000d4000 08:05 3408737    /lib/i386-linux-gnu/libglib-2.0.so.0.2800.6
b3363000-b3364000 rw-p 000d5000 08:05 3408737    /lib/i386-linux-gnu/libglib-2.0.so.0.2800.6
b3364000-b3367000 r-xp 00000000 08:05 7084370    /usr/lib/i386-linux-gnu/libgthread-2.0.so.0.2800.6
b3367000-b3368000 r--p 00003000 08:05 7084370    /usr/lib/i386-linux-gnu/libgthread-2.0.so.0.2800.6
b3368000-b3369000 rw-p 00004000 08:05 7084370    /usr/lib/i386-linux-gnu/libgthread-2.0.so.0.2800.6
b3369000-b33ae000 r-xp 00000000 08:05 7084364    /usr/lib/i386-linux-gnu/libgobject-2.0.so.0.2800.6
b33ae000-b33af000 r--p 00044000 08:05 7084364    /usr/lib/i386-linux-gnu/libgobject-2.0.so.0.2800.6
b33af000-b33b0000 rw-p 00045000 08:05 7084364    /usr/lib/i386-linux-gnu/libgobject-2.0.so.0.2800.6
b33b0000-b33cf000 r-xp 00000000 08:05 7081682    /usr/lib/libdbus-glib-1.so.2.1.0
b33cf000-b33d0000 r--p 0001e000 08:05 7081682    /usr/lib/libdbus-glib-1.so.2.1.0
b33d0000-b33d1000 rw-p 0001f000 08:05 7081682    /usr/lib/libdbus-glib-1.so.2.1.0
b33d1000-b340f000 r-xp 00000000 08:05 7084398    /usr/lib/i386-linux-gnu/libpango-1.0.so.0.2800.4
b340f000-b3410000 r--p 0003e000 08:05 7084398    /usr/lib/i386-linux-gnu/libpango-1.0.so.0.2800.4
b3410000-b3411000 rw-p 0003f000 08:05 7084398    /usr/lib/i386-linux-gnu/libpango-1.0.so.0.2800.4
b3411000-b342c000 r-xp 00000000 08:05 7081783    /usr/lib/libgdk_pixbuf-2.0.so.0.2300.3
b342c000-b342d000 r--p 0001a000 08:05 7081783    /usr/lib/libgdk_pixbuf-2.0.so.0.2300.3
b342d000-b342e000 rw-p 0001b000 08:05 7081783    /usr/lib/libgdk_pixbuf-2.0.so.0.2300.3
b342e000-b3447000 r-xp 00000000 08:05 7084319    /usr/lib/i386-linux-gnu/libatk-1.0.so.0.9.1
b3447000-b3448000 ---p 00019000 08:05 7084319    /usr/lib/i386-linux-gnu/libatk-1.0.so.0.9.1
b3448000-b3449000 r--p 00019000 08:05 7084319    /usr/lib/i386-linux-gnu/libatk-1.0.so.0.9.1
b3449000-b344a000 rw-p 0001a000 08:05 7084319    /usr/lib/i386-linux-gnu/libatk-1.0.so.0.9.1
b344a000-b34df000 r-xp 00000000 08:05 7081781    /usr/lib/libgdk-x11-2.0.so.0.2400.4
b34df000-b34e0000 ---p 00095000 08:05 7081781    /usr/lib/libgdk-x11-2.0.so.0.2400.4
b34e0000-b34e2000 r--p 00095000 08:05 7081781    /usr/lib/libgdk-x11-2.0.so.0.2400.4
b34e2000-b34e3000 rw-p 00097000 08:05 7081781    /usr/lib/libgdk-x11-2.0.so.0.2400.4
b34e3000-b38b4000 r-xp 00000000 08:05 7081923    /usr/lib/libgtk-x11-2.0.so.0.2400.4
b38b4000-b38b8000 r--p 003d0000 08:05 7081923    /usr/lib/libgtk-x11-2.0.so.0.2400.4
b38b8000-b38ba000 rw-p 003d4000 08:05 7081923    /usr/lib/libgtk-x11-2.0.so.0.2400.4
b38ba000-b38bc000 rw-p 00000000 00:00 0 
b38bc000-b390d000 r-xp 00000000 08:05 7083493    /usr/lib/libreoffice/basis3.3/program/libvclplug_gtkli.so
b390d000-b390e000 r--p 00051000 08:05 7083493    /usr/lib/libreoffice/basis3.3/program/libvclplug_gtkli.so
b390e000-b3913000 rw-p 00052000 08:05 7083493    /usr/lib/libreoffice/basis3.3/program/libvclplug_gtkli.so
b3913000-b3923000 rw-p 00000000 00:00 0 
b3923000-b3924000 ---p 00000000 00:00 0 
b3924000-b4154000 rw-p 00000000 00:00 0 
b4154000-b4155000 r--p 0064a000 08:05 7085584    /usr/lib/locale/locale-archive
b4155000-b4274000 r--p 00406000 08:05 7085584    /usr/lib/locale/locale-archive
b4274000-b4474000 r--p 00000000 08:05 7085584    /usr/lib/locale/locale-archive
b4474000-b447c000 rw-p 00000000 00:00 0 
b447c000-b52bc000 r--p 00000000 08:05 7081988    /usr/lib/libicudata.so.44.2
b52bc000-b52bd000 rw-p 00e3f000 08:05 7081988    /usr/lib/libicudata.so.44.2
b52bd000-b52be000 rw-p 00000000 00:00 0 
b52be000-b52ee000 r-xp 00000000 08:05 7092737    /usr/lib/libreoffice/basis3.3/program/libfwili.so
b52ee000-b52ef000 ---p 00030000 08:05 7092737    /usr/lib/libreoffice/basis3.3/program/libfwili.so
b52ef000-b52f0000 r--p 00030000 08:05 7092737    /usr/lib/libreoffice/basis3.3/program/libfwili.so
b52f0000-b52f1000 rw-p 00031000 08:05 7092737    /usr/lib/libreoffice/basis3.3/program/libfwili.so
b52f1000-b5372000 r-xp 00000000 08:05 7078076    /usr/lib/i386-linux-gnu/libfreetype.so.6.6.2
b5372000-b5376000 r--p 00080000 08:05 7078076    /usr/lib/i386-linux-gnu/libfreetype.so.6.6.2
b5376000-b5377000 rw-p 00084000 08:05 7078076    /usr/lib/i386-linux-gnu/libfreetype.so.6.6.2
b5377000-b53d6000 r-xp 00000000 08:05 7081871    /usr/lib/libgraphite.so.3.0.0
b53d6000-b53d7000 ---p 0005f000 08:05 7081871    /usr/lib/libgraphite.so.3.0.0
b53d7000-b53d8000 r--p 0005f000 08:05 7081871    /usr/lib/libgraphite.so.3.0.0
b53d8000-b53d9000 rw-p 00060000 08:05 7081871    /usr/lib/libgraphite.so.3.0.0
b53d9000-b53de000 r-xp 00000000 08:05 7478933    /usr/lib/ure/lib/libjvmaccessgcc3.so.3
b53de000-b53df000 r--p 00004000 08:05 7478933    /usr/lib/ure/lib/libjvmaccessgcc3.so.3
b53df000-b53e0000 rw-p 00005000 08:05 7478933    /usr/lib/ure/lib/libjvmaccessgcc3.so.3
b53e0000-b53e1000 rw-p 00000000 00:00 0 
b53e1000-b5414000 r-xp 00000000 08:05 7081994    /usr/lib/libicule.so.44.2
b5414000-b5415000 ---p 00033000 08:05 7081994    /usr/lib/libicule.so.44.2
b5415000-b5416000 r--p 00033000 08:05 7081994    /usr/lib/libicule.so.44.2
b5416000-b5417000 rw-p 00034000 08:05 7081994    /usr/lib/libicule.so.44.2
b5417000-b541b000 r-xp 00000000 08:05 7085126    /usr/lib/libreoffice/basis3.3/program/libi18npaperli.so
b541b000-b541c000 r--p 00003000 08:05 7085126    /usr/lib/libreoffice/basis3.3/program/libi18npaperli.so
b541c000-b541d000 rw-p 00004000 08:05 7085126    /usr/lib/libreoffice/basis3.3/program/libi18npaperli.so
b541d000-b5430000 r-xp 00000000 08:05 3408788    /lib/i386-linux-gnu/libz.so.1.2.3.4
b5430000-b5431000 r--p 00012000 08:05 3408788    /lib/i386-linux-gnu/libz.so.1.2.3.4
b5431000-b5432000 rw-p 00013000 08:05 3408788    /lib/i386-linux-gnu/libz.so.1.2.3.4
b5432000-b544e000 r-xp 00000000 08:05 7478932    /usr/lib/ure/lib/libjvmfwk.so.3
b544e000-b544f000 ---p 0001c000 08:05 7478932    /usr/lib/ure/lib/libjvmfwk.so.3
b544f000-b5450000 r--p 0001c000 08:05 7478932    /usr/lib/ure/lib/libjvmfwk.so.3
b5450000-b5451000 rw-p 0001d000 08:05 7478932    /usr/lib/ure/lib/libjvmfwk.so.3
b5451000-b5452000 rw-p 00000000 00:00 0 
b5452000-b5579000 r-xp 00000000 08:05 7082002    /usr/lib/libicuuc.so.44.2
b5579000-b5582000 r--p 00126000 08:05 7082002    /usr/lib/libicuuc.so.44.2
b5582000-b5583000 rw-p 0012f000 08:05 7082002    /usr/lib/libicuuc.so.44.2
b5583000-b5587000 rw-p 00000000 00:00 0 
b5587000-b5595000 r-xp 00000000 08:05 7092658    /usr/lib/libreoffice/basis3.3/program/libi18nutilgcc3.so
b5595000-b5596000 r--p 0000d000 08:05 7092658    /usr/lib/libreoffice/basis3.3/program/libi18nutilgcc3.so
b5596000-b5598000 rw-p 0000e000 08:05 7092658    /usr/lib/libreoffice/basis3.3/program/libi18nutilgcc3.so
b5598000-b559a000 rw-p 00000000 00:00 0 
b559a000-b566b000 r-xp 00000000 08:05 7092702    /usr/lib/libreoffice/basis3.3/program/libbasegfxli.so
b566b000-b566c000 r--p 000d0000 08:05 7092702    /usr/lib/libreoffice/basis3.3/program/libbasegfxli.so
b566c000-b566d000 rw-p 000d1000 08:05 7092702    /usr/lib/libreoffice/basis3.3/program/libbasegfxli.so
b566d000-b568b000 r-xp 00000000 08:05 7084377    /usr/lib/i386-linux-gnu/libjpeg.so.62.0.0
b568b000-b568c000 r--p 0001d000 08:05 7084377    /usr/lib/i386-linux-gnu/libjpeg.so.62.0.0
b568c000-b568d000 rw-p 0001e000 08:05 7084377    /usr/lib/i386-linux-gnu/libjpeg.so.62.0.0
b568d000-b57b0000 r-xp 00000000 08:05 7078441    /usr/lib/libxml2.so.2.7.8
b57b0000-b57b4000 r--p 00123000 08:05 7078441    /usr/lib/libxml2.so.2.7.8
b57b4000-b57b5000 rw-p 00127000 08:05 7078441    /usr/lib/libxml2.so.2.7.8
b57b5000-b57b7000 rw-p 00000000 00:00 0 
b57b7000-b57cb000 r-xp 00000000 08:05 7092627    /usr/lib/libreoffice/basis3.3/program/libsaxli.so
b57cb000-b57cc000 r--p 00014000 08:05 7092627    /usr/lib/libreoffice/basis3.3/program/libsaxli.so
b57cc000-b57cd000 rw-p 00015000 08:05 7092627    /usr/lib/libreoffice/basis3.3/program/libsaxli.so
b57cd000-b5820000 r-xp 00000000 08:05 7092688    /usr/lib/libreoffice/basis3.3/program/libsotli.so
b5820000-b5821000 ---p 00053000 08:05 7092688    /usr/lib/libreoffice/basis3.3/program/libsotli.so
b5821000-b5823000 r--p 00053000 08:05 7092688    /usr/lib/libreoffice/basis3.3/program/libsotli.so
b5823000-b5824000 rw-p 00055000 08:05 7092688    /usr/lib/libreoffice/basis3.3/program/libsotli.so
b5824000-b59b1000 r-xp 00000000 08:05 7092782    /usr/lib/libreoffice/basis3.3/program/libsbli.so
b59b1000-b59b2000 ---p 0018d000 08:05 7092782    /usr/lib/libreoffice/basis3.3/program/libsbli.so
b59b2000-b59c0000 r--p 0018d000 08:05 7092782    /usr/lib/libreoffice/basis3.3/program/libsbli.so
b59c0000-b59c5000 rw-p 0019b000 08:05 7092782    /usr/lib/libreoffice/basis3.3/program/libsbli.so
b59c5000-b59c6000 rw-p 00000000 00:00 0 
b59c6000-b5a5b000 r-xp 00000000 08:05 7092791    /usr/lib/libreoffice/basis3.3/program/libfweli.so
b5a5b000-b5a5e000 r--p 00095000 08:05 7092791    /usr/lib/libreoffice/basis3.3/program/libfweli.so
b5a5e000-b5a5f000 rw-p 00098000 08:05 7092791    /usr/lib/libreoffice/basis3.3/program/libfweli.so
b5a5f000-b5a60000 rw-p 00000000 00:00 0 
b5a60000-b5afc000 r-xp 00000000 08:05 7092784    /usr/lib/libreoffice/basis3.3/program/libxcrli.so
b5afc000-b5b00000 r--p 0009b000 08:05 7092784    /usr/lib/libreoffice/basis3.3/program/libxcrli.so
b5b00000-b5b01000 rw-p 0009f000 08:05 7092784    /usr/lib/libreoffice/basis3.3/program/libxcrli.so
b5b01000-b5b02000 rw-p 00000000 00:00 0 
b5b02000-b5c5c000 r-xp 00000000 08:05 7084341    /usr/lib/i386-linux-gnu/libdb-4.8.so
b5c5c000-b5c5e000 r--p 00159000 08:05 7084341    /usr/lib/i386-linux-gnu/libdb-4.8.so
b5c5e000-b5c5f000 rw-p 0015b000 08:05 7084341    /usr/lib/i386-linux-gnu/libdb-4.8.so
b5c5f000-b5c64000 r-xp 00000000 08:05 7478757    /usr/lib/ure/lib/libuno_salhelpergcc3.so.3
b5c64000-b5c65000 r--p 00004000 08:05 7478757    /usr/lib/ure/lib/libuno_salhelpergcc3.so.3
b5c65000-b5c66000 rw-p 00005000 08:05 7478757    /usr/lib/ure/lib/libuno_salhelpergcc3.so.3
b5c66000-b60c0000 r-xp 00000000 08:05 7092696    /usr/lib/libreoffice/basis3.3/program/libvclli.so
b60c0000-b60d5000 r--p 0045a000 08:05 7092696    /usr/lib/libreoffice/basis3.3/program/libvclli.so
b60d5000-b60d9000 rw-p 0046f000 08:05 7092696    /usr/lib/libreoffice/basis3.3/program/libvclli.so
b60d9000-b60dd000 rw-p 00000000 00:00 0 
b60dd000-b621c000 r-xp 00000000 08:05 7092746    /usr/lib/libreoffice/basis3.3/program/libutlli.so
b621c000-b6221000 r--p 0013e000 08:05 7092746    /usr/lib/libreoffice/basis3.3/program/libutlli.so
b6221000-b6223000 rw-p 00143000 08:05 7092746    /usr/lib/libreoffice/basis3.3/program/libutlli.so
b6223000-b6225000 rw-p 00000000 00:00 0 
b6225000-b6291000 r-xp 00000000 08:05 7092663    /usr/lib/libreoffice/basis3.3/program/libucbhelper4gcc3.so
b6291000-b6294000 r--p 0006c000 08:05 7092663    /usr/lib/libreoffice/basis3.3/program/libucbhelper4gcc3.so
b6294000-b6295000 rw-p 0006f000 08:05 7092663    /usr/lib/libreoffice/basis3.3/program/libucbhelper4gcc3.so
b6295000-b632f000 r-xp 00000000 08:05 7092626    /usr/lib/libreoffice/basis3.3/program/libtlli.so
b632f000-b6331000 r--p 00099000 08:05 7092626    /usr/lib/libreoffice/basis3.3/program/libtlli.so
b6331000-b6332000 rw-p 0009b000 08:05 7092626    /usr/lib/libreoffice/basis3.3/program/libtlli.so
b6332000-b661c000 r-xp 00000000 08:05 7092636    /usr/lib/libreoffice/basis3.3/program/libtkli.so
b661c000-b661d000 ---p 002ea000 08:05 7092636    /usr/lib/libreoffice/basis3.3/program/libtkli.so
b661d000-b6654000 r--p 002ea000 08:05 7092636    /usr/lib/libreoffice/basis3.3/program/libtkli.so
b6654000-b6656000 rw-p 00321000 08:05 7092636    /usr/lib/libreoffice/basis3.3/program/libtkli.so
b6656000-b6659000 rw-p 00000000 00:00 0 
b6659000-b6a2c000 r-xp 00000000 08:05 7092752    /usr/lib/libreoffice/basis3.3/program/libsvtli.so
b6a2c000-b6a48000 r--p 003d2000 08:05 7092752    /usr/lib/libreoffice/basis3.3/program/libsvtli.so
b6a48000-b6a50000 rw-p 003ee000 08:05 7092752    /usr/lib/libreoffice/basis3.3/program/libsvtli.so
b6a50000-b6b44000 r-xp 00000000 08:05 7085134    /usr/lib/libreoffice/basis3.3/program/libsvlli.so
b6b44000-b6b45000 ---p 000f4000 08:05 7085134    /usr/lib/libreoffice/basis3.3/program/libsvlli.so
b6b45000-b6b4a000 r--p 000f4000 08:05 7085134    /usr/lib/libreoffice/basis3.3/program/libsvlli.so
b6b4a000-b6b4b000 rw-p 000f9000 08:05 7085134    /usr/lib/libreoffice/basis3.3/program/libsvlli.so
b6b4b000-b6b4d000 rw-p 00000000 00:00 0 
b6b4d000-b6f37000 r-xp 00000000 08:05 7092793    /usr/lib/libreoffice/basis3.3/program/libsfxli.so
b6f37000-b6f4c000 r--p 003e9000 08:05 7092793    /usr/lib/libreoffice/basis3.3/program/libsfxli.so
b6f4c000-b6f53000 rw-p 003fe000 08:05 7092793    /usr/lib/libreoffice/basis3.3/program/libsfxli.so
b6f53000-b6f58000 r-xp 00000000 08:05 7092671    /usr/lib/libreoffice/basis3.3/program/libi18nisolang1gcc3.so
b6f58000-b6f59000 r--p 00004000 08:05 7092671    /usr/lib/libreoffice/basis3.3/program/libi18nisolang1gcc3.so
b6f59000-b6f5a000 rw-p 00005000 08:05 7092671    /usr/lib/libreoffice/basis3.3/program/libi18nisolang1gcc3.so
b6f5a000-b6f7d000 r-xp 00000000 08:05 7092666    /usr/lib/libreoffice/basis3.3/program/libdeploymentmiscli.so
b6f7d000-b6f7e000 r--p 00022000 08:05 7092666    /usr/lib/libreoffice/basis3.3/program/libdeploymentmiscli.so
b6f7e000-b6f7f000 rw-p 00023000 08:05 7092666    /usr/lib/libreoffice/basis3.3/program/libdeploymentmiscli.so
b6f7f000-b6fb2000 r-xp 00000000 08:05 7478758    /usr/lib/ure/lib/libuno_cppu.so.3
b6fb2000-b6fb3000 r--p 00032000 08:05 7478758    /usr/lib/ure/lib/libuno_cppu.so.3
b6fb3000-b6fb4000 rw-p 00033000 08:05 7478758    /usr/lib/ure/lib/libuno_cppu.so.3
b6fb4000-b707a000 r-xp 00000000 08:05 7478760    /usr/lib/ure/lib/libuno_cppuhelpergcc3.so.3
b707a000-b707d000 r--p 000c5000 08:05 7478760    /usr/lib/ure/lib/libuno_cppuhelpergcc3.so.3
b707d000-b707e000 rw-p 000c8000 08:05 7478760    /usr/lib/ure/lib/libuno_cppuhelpergcc3.so.3
b707e000-b707f000 rw-p 00000000 00:00 0 
b707f000-b71c9000 r-xp 00000000 08:05 7092741    /usr/lib/libreoffice/basis3.3/program/libcomphelp4gcc3.so
b71c9000-b71ca000 ---p 0014a000 08:05 7092741    /usr/lib/libreoffice/basis3.3/program/libcomphelp4gcc3.so
b71ca000-b71d3000 r--p 0014a000 08:05 7092741    /usr/lib/libreoffice/basis3.3/program/libcomphelp4gcc3.so
b71d3000-b71d5000 rw-p 00153000 08:05 7092741    /usr/lib/libreoffice/basis3.3/program/libcomphelp4gcc3.so
b71d5000-b71d6000 rw-p 00000000 00:00 0 
b71d6000-b71eb000 r-xp 00000000 08:05 3408770    /lib/i386-linux-gnu/libpthread-2.13.so
b71eb000-b71ec000 r--p 00015000 08:05 3408770    /lib/i386-linux-gnu/libpthread-2.13.so
b71ec000-b71ed000 rw-p 00016000 08:05 3408770    /lib/i386-linux-gnu/libpthread-2.13.so
b71ed000-b71ef000 rw-p 00000000 00:00 0 
b71ef000-b71f1000 r-xp 00000000 08:05 3408715    /lib/i386-linux-gnu/libdl-2.13.so
b71f1000-b71f2000 r--p 00001000 08:05 3408715    /lib/i386-linux-gnu/libdl-2.13.so
b71f2000-b71f3000 rw-p 00002000 08:05 3408715    /lib/i386-linux-gnu/libdl-2.13.so
b71f3000-b734d000 r-xp 00000000 08:05 3408705    /lib/i386-linux-gnu/libc-2.13.so
b734d000-b734e000 ---p 0015a000 08:05 3408705    /lib/i386-linux-gnu/libc-2.13.so
b734e000-b7350000 r--p 0015a000 08:05 3408705    /lib/i386-linux-gnu/libc-2.13.so
b7350000-b7351000 rw-p 0015c000 08:05 3408705    /lib/i386-linux-gnu/libc-2.13.so
b7351000-b7355000 rw-p 00000000 00:00 0 
b7355000-b736f000 r-xp 00000000 08:05 3408733    /lib/i386-linux-gnu/libgcc_s.so.1
b736f000-b7370000 r--p 00019000 08:05 3408733    /lib/i386-linux-gnu/libgcc_s.so.1
b7370000-b7371000 rw-p 0001a000 08:05 3408733    /lib/i386-linux-gnu/libgcc_s.so.1
b7371000-b7395000 r-xp 00000000 08:05 3408742    /lib/i386-linux-gnu/libm-2.13.so
b7395000-b7396000 r--p 00023000 08:05 3408742    /lib/i386-linux-gnu/libm-2.13.so
b7396000-b7397000 rw-p 00024000 08:05 3408742    /lib/i386-linux-gnu/libm-2.13.so
b7397000-b7476000 r-xp 00000000 08:05 7084420    /usr/lib/i386-linux-gnu/libstdc++.so.6.0.14
b7476000-b747a000 r--p 000de000 08:05 7084420    /usr/lib/i386-linux-gnu/libstdc++.so.6.0.14
b747a000-b747b000 rw-p 000e2000 08:05 7084420    /usr/lib/i386-linux-gnu/libstdc++.so.6.0.14
b747b000-b7482000 rw-p 00000000 00:00 0 
b7482000-b7545000 r-xp 00000000 08:05 7082291    /usr/lib/libstlport_gcc.so.4.6
b7545000-b7548000 r--p 000c2000 08:05 7082291    /usr/lib/libstlport_gcc.so.4.6
b7548000-b7549000 rw-p 000c5000 08:05 7082291    /usr/lib/libstlport_gcc.so.4.6
b7549000-b754b000 rw-p 00000000 00:00 0 
b754b000-b754e000 r-xp 00000000 08:05 7081626    /usr/lib/libcanberra-gtk.so.0.1.8
b754e000-b754f000 r--p 00002000 08:05 7081626    /usr/lib/libcanberra-gtk.so.0.1.8
b754f000-b7550000 rw-p 00003000 08:05 7081626    /usr/lib/libcanberra-gtk.so.0.1.8
b7550000-b755f000 r--p 00000000 08:05 8654823    /usr/share/locale-langpack/es/LC_MESSAGES/gtk20.mo
b755f000-b75d1000 r-xp 00000000 08:05 7092760    /usr/lib/libreoffice/basis3.3/program/libsofficeapp.so
b75d1000-b75d3000 r--p 00071000 08:05 7092760    /usr/lib/libreoffice/basis3.3/program/libsofficeapp.so
b75d3000-b75d4000 rw-p 00073000 08:05 7092760    /usr/lib/libreoffice/basis3.3/program/libsofficeapp.so
b75d4000-b75d5000 rw-p 00000000 00:00 0 
b75d5000-b7781000 r-xp 00000000 08:05 7478759    /usr/lib/ure/lib/libuno_sal.so.3
b7781000-b7794000 r--p 001ab000 08:05 7478759    /usr/lib/ure/lib/libuno_sal.so.3
b7794000-b7795000 rw-p 001be000 08:05 7478759    /usr/lib/ure/lib/libuno_sal.so.3
b7795000-b7799000 rw-p 00000000 00:00 0 
b7799000-b779a000 r-xp 00000000 00:00 0          [vdso]
b779a000-b77b6000 r-xp 00000000 08:05 3408692    /lib/i386-linux-gnu/ld-2.13.so
b77b6000-b77b7000 r--p 0001b000 08:05 3408692    /lib/i386-linux-gnu/ld-2.13.so
b77b7000-b77b8000 rw-p 0001c000 08:05 3408692    /lib/i386-linux-gnu/ld-2.13.so
bffa0000-bffec000 rw-p 00000000 00:00 0          [stack]

VM Arguments:
jvm_args: abort -Dorg.openoffice.native= 
java_command: <unknown>
Launcher Type: generic

Environment Variables:
JAVA_HOME=/usr/lib/jvm/java-6-openjdk/jre
PATH=/usr/local/sbin:/usr/local/bin:/usr/sbin:/usr/bin:/sbin:/bin:/usr/games
USERNAME=fontanon
LD_LIBRARY_PATH=/usr/lib/jvm/java-6-openjdk/jre/lib/i386/client:/usr/lib/jvm/java-6-openjdk/jre/lib/i386/native_threads:/usr/lib/jvm/java-6-openjdk/jre/lib/i386
SHELL=/bin/bash
DISPLAY=:0.0

Signal Handlers:
SIGSEGV: [libjvm.so+0x3de6f0], sa_mask[0]=0x7ffbfeff, sa_flags=0x10000004
SIGBUS: [libjvm.so+0x3de6f0], sa_mask[0]=0x7ffbfeff, sa_flags=0x10000004
SIGFPE: [libjvm.so+0x2fef90], sa_mask[0]=0x7ffbfeff, sa_flags=0x10000004
SIGPIPE: SIG_IGN, sa_mask[0]=0x00000000, sa_flags=0x00000000
SIGXFSZ: SIG_IGN, sa_mask[0]=0x00000000, sa_flags=0x00000000
SIGILL: [libjvm.so+0x2fef90], sa_mask[0]=0x7ffbfeff, sa_flags=0x10000004
SIGUSR1: SIG_DFL, sa_mask[0]=0x00000000, sa_flags=0x00000000
SIGUSR2: [libjvm.so+0x2fee00], sa_mask[0]=0x00000000, sa_flags=0x10000004
SIGHUP: [libjvm.so+0x301bf0], sa_mask[0]=0x7ffbfeff, sa_flags=0x10000004
SIGINT: [libjvm.so+0x301bf0], sa_mask[0]=0x7ffbfeff, sa_flags=0x10000004
SIGTERM: [libjvm.so+0x301bf0], sa_mask[0]=0x7ffbfeff, sa_flags=0x10000004
SIGQUIT: [libjvm.so+0x301bf0], sa_mask[0]=0x7ffbfeff, sa_flags=0x10000004


---------------  S Y S T E M  ---------------

OS:Ubuntu 11.04 (natty)
uname:Linux 2.6.38-11-generic-pae #50-Ubuntu SMP Mon Sep 12 22:21:04 UTC 2011 i686
libc:glibc 2.13 NPTL 2.13 
rlimit: STACK 8192k, CORE 0k, NPROC infinity, NOFILE 4096, AS infinity
load average:0,13 0,24 0,29

/proc/meminfo:
MemTotal:        3912996 kB
MemFree:          606216 kB
Buffers:          214060 kB
Cached:          1773580 kB
SwapCached:            0 kB
Active:          2007664 kB
Inactive:        1120764 kB
Active(anon):    1202464 kB
Inactive(anon):   163668 kB
Active(file):     805200 kB
Inactive(file):   957096 kB
Unevictable:         120 kB
Mlocked:             120 kB
HighTotal:       3074964 kB
HighFree:         147944 kB
LowTotal:         838032 kB
LowFree:          458272 kB
SwapTotal:       2928636 kB
SwapFree:        2928636 kB
Dirty:               984 kB
Writeback:             0 kB
AnonPages:       1140708 kB
Mapped:           255128 kB
Shmem:            225352 kB
Slab:             122184 kB
SReclaimable:      96156 kB
SUnreclaim:        26028 kB
KernelStack:        4072 kB
PageTables:        12312 kB
NFS_Unstable:          0 kB
Bounce:                0 kB
WritebackTmp:          0 kB
CommitLimit:     4885132 kB
Committed_AS:    4124840 kB
VmallocTotal:     122880 kB
VmallocUsed:       34300 kB
VmallocChunk:      44260 kB
HardwareCorrupted:     0 kB
HugePages_Total:       0
HugePages_Free:        0
HugePages_Rsvd:        0
HugePages_Surp:        0
Hugepagesize:       2048 kB
DirectMap4k:       12280 kB
DirectMap2M:      901120 kB


CPU:total 4 (2 cores per cpu, 2 threads per core) family 6 model 37 stepping 5, cmov, cx8, fxsr, mmx, sse, sse2, sse3, ssse3, sse4.1, sse4.2, popcnt, ht

Memory: 4k page, physical 3912996k(606216k free), swap 2928636k(2928636k free)

vm_info: OpenJDK Client VM (20.0-b11) for linux-x86 JRE (1.6.0_22-b22), built on Jun 11 2011 05:57:52 by "buildd" with gcc 4.5.2

time: Fri Oct 21 13:53:05 2011
elapsed time: 15 seconds

